[    0.000000] Initializing cgroup subsys cpuset
[    0.000000] Initializing cgroup subsys cpu
[    0.000000] Initializing cgroup subsys cpuacct
[    0.000000] Linux version 4.4.0-194-generic (buildd@lcy01-amd64-020) (gcc version 5.4.0 20160609 (Ubuntu 5.4.0-6ubuntu1~16.04.12) ) #226-Ubuntu SMP Wed Oct 21 10:19:36 UTC 2020 (Ubuntu 4.4.0-194.226-generic 4.4.236)
[    0.000000] Command line: BOOT_IMAGE=/boot/vmlinuz-4.4.0-194-generic root=LABEL=cloudimg-rootfs ro console=tty1 console=ttyS0
[    0.000000] KERNEL supported cpus:
[    0.000000]   Intel GenuineIntel
[    0.000000]   AMD AuthenticAMD
[    0.000000]   Centaur CentaurHauls
[    0.000000] x86/fpu: xstate_offset[2]:  576, xstate_sizes[2]:  256
[    0.000000] x86/fpu: Supporting XSAVE feature 0x01: 'x87 floating point registers'
[    0.000000] x86/fpu: Supporting XSAVE feature 0x02: 'SSE registers'
[    0.000000] x86/fpu: Supporting XSAVE feature 0x04: 'AVX registers'
[    0.000000] x86/fpu: Enabled xstate features 0x7, context size is 832 bytes, using 'standard' format.
[    0.000000] e820: BIOS-provided physical RAM map:
[    0.000000] BIOS-e820: [mem 0x0000000000000000-0x000000000009fbff] usable
[    0.000000] BIOS-e820: [mem 0x000000000009fc00-0x000000000009ffff] reserved
[    0.000000] BIOS-e820: [mem 0x00000000000f0000-0x00000000000fffff] reserved
[    0.000000] BIOS-e820: [mem 0x0000000000100000-0x000000003ffeffff] usable
[    0.000000] BIOS-e820: [mem 0x000000003fff0000-0x000000003fffffff] ACPI data
[    0.000000] BIOS-e820: [mem 0x00000000fec00000-0x00000000fec00fff] reserved
[    0.000000] BIOS-e820: [mem 0x00000000fee00000-0x00000000fee00fff] reserved
[    0.000000] BIOS-e820: [mem 0x00000000fffc0000-0x00000000ffffffff] reserved
[    0.000000] NX (Execute Disable) protection: active
[    0.000000] SMBIOS 2.5 present.
[    0.000000] Hypervisor detected: KVM
[    0.000000] e820: last_pfn = 0x3fff0 max_arch_pfn = 0x400000000
[    0.000000] MTRR: Disabled
[    0.000000] x86/PAT: MTRRs disabled, skipping PAT initialization too.
[    0.000000] CPU MTRRs all blank - virtualized system.
[    0.000000] x86/PAT: Configuration [0-7]: WB  WT  UC- UC  WB  WT  UC- UC  
[    0.000000] found SMP MP-table at [mem 0x0009fff0-0x0009ffff] mapped at [ffff88000009fff0]
[    0.000000] Scanning 1 areas for low memory corruption
[    0.000000] RAMDISK: [mem 0x362e0000-0x37167fff]
[    0.000000] ACPI: Early table checksum verification disabled
[    0.000000] ACPI: RSDP 0x00000000000E0000 000024 (v02 VBOX  )
[    0.000000] ACPI: XSDT 0x000000003FFF0030 00003C (v01 VBOX   VBOXXSDT 00000001 ASL  00000061)
[    0.000000] ACPI: FACP 0x000000003FFF00F0 0000F4 (v04 VBOX   VBOXFACP 00000001 ASL  00000061)
[    0.000000] ACPI: DSDT 0x000000003FFF0470 002325 (v02 VBOX   VBOXBIOS 00000002 INTL 20190509)
[    0.000000] ACPI: FACS 0x000000003FFF0200 000040
[    0.000000] ACPI: FACS 0x000000003FFF0200 000040
[    0.000000] ACPI: APIC 0x000000003FFF0240 00005C (v02 VBOX   VBOXAPIC 00000001 ASL  00000061)
[    0.000000] ACPI: SSDT 0x000000003FFF02A0 0001CC (v01 VBOX   VBOXCPUT 00000002 INTL 20190509)
[    0.000000] No NUMA configuration found
[    0.000000] Faking a node at [mem 0x0000000000000000-0x000000003ffeffff]
[    0.000000] NODE_DATA(0) allocated [mem 0x3ffeb000-0x3ffeffff]
[    0.000000] kvm-clock: Using msrs 4b564d01 and 4b564d00
[    0.000000] kvm-clock: cpu 0, msr 0:3ffe3001, primary cpu clock
[    0.000000] kvm-clock: using sched offset of 3440225980 cycles
[    0.000000] clocksource: kvm-clock: mask: 0xffffffffffffffff max_cycles: 0x1cd42e4dffb, max_idle_ns: 881590591483 ns
[    0.000000] Zone ranges:
[    0.000000]   DMA      [mem 0x0000000000001000-0x0000000000ffffff]
[    0.000000]   DMA32    [mem 0x0000000001000000-0x000000003ffeffff]
[    0.000000]   Normal   empty
[    0.000000]   Device   empty
[    0.000000] Movable zone start for each node
[    0.000000] Early memory node ranges
[    0.000000]   node   0: [mem 0x0000000000001000-0x000000000009efff]
[    0.000000]   node   0: [mem 0x0000000000100000-0x000000003ffeffff]
[    0.000000] Initmem setup node 0 [mem 0x0000000000001000-0x000000003ffeffff]
[    0.000000] ACPI: PM-Timer IO Port: 0x4008
[    0.000000] IOAPIC[0]: apic_id 2, version 32, address 0xfec00000, GSI 0-23
[    0.000000] ACPI: INT_SRC_OVR (bus 0 bus_irq 0 global_irq 2 dfl dfl)
[    0.000000] ACPI: INT_SRC_OVR (bus 0 bus_irq 9 global_irq 9 low level)
[    0.000000] Using ACPI (MADT) for SMP configuration information
[    0.000000] smpboot: Allowing 2 CPUs, 0 hotplug CPUs
[    0.000000] PM: Registered nosave memory: [mem 0x00000000-0x00000fff]
[    0.000000] PM: Registered nosave memory: [mem 0x0009f000-0x0009ffff]
[    0.000000] PM: Registered nosave memory: [mem 0x000a0000-0x000effff]
[    0.000000] PM: Registered nosave memory: [mem 0x000f0000-0x000fffff]
[    0.000000] e820: [mem 0x40000000-0xfebfffff] available for PCI devices
[    0.000000] Booting paravirtualized kernel on KVM
[    0.000000] clocksource: refined-jiffies: mask: 0xffffffff max_cycles: 0xffffffff, max_idle_ns: 7645519600211568 ns
[    0.000000] setup_percpu: NR_CPUS:512 nr_cpumask_bits:512 nr_cpu_ids:2 nr_node_ids:1
[    0.000000] PERCPU: Embedded 33 pages/cpu @ffff88003fc00000 s95512 r8192 d31464 u1048576
[    0.000000] Built 1 zonelists in Node order, mobility grouping on.  Total pages: 257912
[    0.000000] Policy zone: DMA32
[    0.000000] Kernel command line: BOOT_IMAGE=/boot/vmlinuz-4.4.0-194-generic root=LABEL=cloudimg-rootfs ro console=tty1 console=ttyS0
[    0.000000] PID hash table entries: 4096 (order: 3, 32768 bytes)
[    0.000000] Memory: 997664K/1048120K available (8640K kernel code, 1337K rwdata, 4040K rodata, 1492K init, 1296K bss, 50456K reserved, 0K cma-reserved)
[    0.000000] SLUB: HWalign=64, Order=0-3, MinObjects=0, CPUs=2, Nodes=1
[    0.000000] Kernel/User page tables isolation: enabled
[    0.000000] Hierarchical RCU implementation.
[    0.000000] 	Build-time adjustment of leaf fanout to 64.
[    0.000000] 	RCU restricting CPUs from NR_CPUS=512 to nr_cpu_ids=2.
[    0.000000] RCU: Adjusting geometry for rcu_fanout_leaf=64, nr_cpu_ids=2
[    0.000000] NR_IRQS:33024 nr_irqs:440 16
[    0.000000] Console: colour VGA+ 80x25
[    0.000000] console [tty1] enabled
[    0.000000] console [ttyS0] enabled
[    0.000000] tsc: Detected 1800.052 MHz processor
[    0.103899] Calibrating delay loop (skipped) preset value.. 3600.10 BogoMIPS (lpj=7200208)
[    0.105229] pid_max: default: 32768 minimum: 301
[    0.105915] ACPI: Core revision 20150930
[    0.107235] ACPI: 2 ACPI AML tables successfully acquired and loaded
[    0.108209] Security Framework initialized
[    0.108826] Yama: becoming mindful.
[    0.109388] AppArmor: AppArmor initialized
[    0.110057] Dentry cache hash table entries: 131072 (order: 8, 1048576 bytes)
[    0.111720] Inode-cache hash table entries: 65536 (order: 7, 524288 bytes)
[    0.112774] Mount-cache hash table entries: 2048 (order: 2, 16384 bytes)
[    0.113649] Mountpoint-cache hash table entries: 2048 (order: 2, 16384 bytes)
[    0.114687] Initializing cgroup subsys io
[    0.115310] Initializing cgroup subsys memory
[    0.115952] Initializing cgroup subsys devices
[    0.116627] Initializing cgroup subsys freezer
[    0.117271] Initializing cgroup subsys net_cls
[    0.117912] Initializing cgroup subsys perf_event
[    0.118704] Initializing cgroup subsys net_prio
[    0.119427] Initializing cgroup subsys hugetlb
[    0.120070] Initializing cgroup subsys pids
[    0.122351] mce: CPU supports 0 MCE banks
[    0.122977] Last level iTLB entries: 4KB 64, 2MB 8, 4MB 8
[    0.123741] Last level dTLB entries: 4KB 64, 2MB 0, 4MB 0, 1GB 4
[    0.124540] Spectre V1 : Mitigation: usercopy/swapgs barriers and __user pointer sanitization
[    0.125756] Spectre V2 : Mitigation: Full generic retpoline
[    0.126517] Spectre V2 : Spectre v2 / SpectreRSB mitigation: Filling RSB on context switch
[    0.127714] Speculative Store Bypass: Vulnerable
[    0.128381] SRBDS: Unknown: Dependent on hypervisor status
[    0.129216] MDS: Mitigation: Clear CPU buffers
[    0.132134] Freeing SMP alternatives memory: 36K
[    0.137893] ftrace: allocating 32346 entries in 127 pages
[    0.188851] smpboot: APIC(0) Converting physical 0 to logical package 0
[    0.189856] smpboot: Max logical packages: 1
[    0.190691] x2apic enabled
[    0.191433] Switched APIC routing to physical x2apic.
[    0.193111] ..TIMER: vector=0x30 apic1=0 pin1=2 apic2=-1 pin2=-1
[    0.301997] smpboot: CPU0: Intel(R) Core(TM) i5-8265U CPU @ 1.60GHz (family: 0x6, model: 0x8e, stepping: 0xc)
[    0.303658] Performance Events: unsupported p6 CPU model 142 no PMU driver, software events only.
[    0.314227] KVM setup paravirtual spinlock
[    0.315514] x86: Booting SMP configuration:
[    0.316156] .... node  #0, CPUs:      #1
[    0.316952] kvm-clock: cpu 1, msr 0:3ffe3041, secondary cpu clock
[    0.319355] mce: CPU supports 0 MCE banks
[    0.321758] x86: Booted up 1 node, 2 CPUs
[    0.322581] smpboot: Total of 2 processors activated (7200.20 BogoMIPS)
[    0.323770] devtmpfs: initialized
[    0.325855] evm: security.selinux
[    0.326440] evm: security.SMACK64
[    0.327051] evm: security.SMACK64EXEC
[    0.327628] evm: security.SMACK64TRANSMUTE
[    0.328286] evm: security.SMACK64MMAP
[    0.328937] evm: security.ima
[    0.329470] evm: security.capability
[    0.330226] clocksource: jiffies: mask: 0xffffffff max_cycles: 0xffffffff, max_idle_ns: 7645041785100000 ns
[    0.331647] futex hash table entries: 512 (order: 3, 32768 bytes)
[    0.332614] pinctrl core: initialized pinctrl subsystem
[    0.333442] RTC time: 14:20:20, date: 12/02/20
[    0.334300] NET: Registered protocol family 16
[    0.346562] cpuidle: using governor ladder
[    0.358455] cpuidle: using governor menu
[    0.361178] PCCT header not found.
[    0.363774] ACPI: bus type PCI registered
[    0.366313] acpiphp: ACPI Hot Plug PCI Controller Driver version: 0.5
[    0.369133] PCI: Using configuration type 1 for base access
[    0.384370] ACPI: Added _OSI(Module Device)
[    0.385633] ACPI: Added _OSI(Processor Device)
[    0.386809] ACPI: Added _OSI(3.0 _SCP Extensions)
[    0.388033] ACPI: Added _OSI(Processor Aggregator Device)
[    0.390294] ACPI: Executed 1 blocks of module-level executable AML code
[    0.394830] ACPI: Interpreter enabled
[    0.395929] ACPI: (supports S0 S5)
[    0.396774] ACPI: Using IOAPIC for interrupt routing
[    0.397994] PCI: Using host bridge windows from ACPI; if necessary, use "pci=nocrs" and report a bug
[    0.403660] ACPI: PCI Root Bridge [PCI0] (domain 0000 [bus 00-ff])
[    0.404799] acpi PNP0A03:00: _OSC: OS supports [ASPM ClockPM Segments MSI]
[    0.406283] acpi PNP0A03:00: _OSC: not requesting OS control; OS requires [ExtendedConfig ASPM ClockPM MSI]
[    0.407828] acpi PNP0A03:00: fail to add MMCONFIG information, can't access extended PCI configuration space under this bridge.
[    0.409808] PCI host bridge to bus 0000:00
[    0.410493] pci_bus 0000:00: root bus resource [io  0x0000-0x0cf7 window]
[    0.411561] pci_bus 0000:00: root bus resource [io  0x0d00-0xffff window]
[    0.412456] pci_bus 0000:00: root bus resource [mem 0x000a0000-0x000bffff window]
[    0.413595] pci_bus 0000:00: root bus resource [mem 0x40000000-0xfdffffff window]
[    0.414709] pci_bus 0000:00: root bus resource [bus 00-ff]
[    0.416711] pci 0000:00:01.1: legacy IDE quirk: reg 0x10: [io  0x01f0-0x01f7]
[    0.417696] pci 0000:00:01.1: legacy IDE quirk: reg 0x14: [io  0x03f6]
[    0.418554] pci 0000:00:01.1: legacy IDE quirk: reg 0x18: [io  0x0170-0x0177]
[    0.426971] pci 0000:00:01.1: legacy IDE quirk: reg 0x1c: [io  0x0376]
[    0.437071] pci 0000:00:07.0: quirk: [io  0x4000-0x403f] claimed by PIIX4 ACPI
[    0.438307] pci 0000:00:07.0: quirk: [io  0x4100-0x410f] claimed by PIIX4 SMB
[    0.445231] ACPI: PCI Interrupt Link [LNKA] (IRQs 5 9 10 *11)
[    0.446644] ACPI: PCI Interrupt Link [LNKB] (IRQs 5 9 *10 11)
[    0.447862] ACPI: PCI Interrupt Link [LNKC] (IRQs 5 *9 10 11)
[    0.449061] ACPI: PCI Interrupt Link [LNKD] (IRQs 5 9 10 *11)
[    0.450284] ACPI: Enabled 2 GPEs in block 00 to 07
[    0.451391] vgaarb: setting as boot device: PCI:0000:00:02.0
[    0.452188] vgaarb: device added: PCI:0000:00:02.0,decodes=io+mem,owns=io+mem,locks=none
[    0.453419] vgaarb: loaded
[    0.453916] vgaarb: bridge control possible 0000:00:02.0
[    0.454950] SCSI subsystem initialized
[    0.455638] ACPI: bus type USB registered
[    0.456335] usbcore: registered new interface driver usbfs
[    0.457216] usbcore: registered new interface driver hub
[    0.458166] usbcore: registered new device driver usb
[    0.459321] PCI: Using ACPI for IRQ routing
[    0.460894] NetLabel: Initializing
[    0.461489] NetLabel:  domain hash size = 128
[    0.462153] NetLabel:  protocols = UNLABELED CIPSOv4
[    0.462914] NetLabel:  unlabeled traffic allowed by default
[    0.463903] amd_nb: Cannot enumerate AMD northbridges
[    0.464720] clocksource: Switched to clocksource kvm-clock
[    0.470928] AppArmor: AppArmor Filesystem Enabled
[    0.471740] pnp: PnP ACPI init
[    0.472869] pnp: PnP ACPI: found 3 devices
[    0.481823] clocksource: acpi_pm: mask: 0xffffff max_cycles: 0xffffff, max_idle_ns: 2085701024 ns
[    0.483276] NET: Registered protocol family 2
[    0.484106] TCP established hash table entries: 8192 (order: 4, 65536 bytes)
[    0.485138] TCP bind hash table entries: 8192 (order: 5, 131072 bytes)
[    0.487094] TCP: Hash tables configured (established 8192 bind 8192)
[    0.488689] UDP hash table entries: 512 (order: 2, 16384 bytes)
[    0.489536] UDP-Lite hash table entries: 512 (order: 2, 16384 bytes)
[    0.490460] NET: Registered protocol family 1
[    0.491118] pci 0000:00:00.0: Limiting direct PCI/PCI transfers
[    0.491939] pci 0000:00:01.0: Activating ISA DMA hang workarounds
[    0.492880] Unpacking initramfs...
[    0.685739] Freeing initrd memory: 14880K
[    0.686667] clocksource: tsc: mask: 0xffffffffffffffff max_cycles: 0x19f25acc913, max_idle_ns: 440795265318 ns
[    0.688215] platform rtc_cmos: registered platform RTC device (no PNP device found)
[    0.689751] Scanning for low memory corruption every 60 seconds
[    0.691106] audit: initializing netlink subsys (disabled)
[    0.692041] audit: type=2000 audit(1606918825.619:1): initialized
[    0.693300] Initialise system trusted keyring
[    0.694330] HugeTLB registered 2 MB page size, pre-allocated 0 pages
[    0.696288] zbud: loaded
[    0.697446] VFS: Disk quotas dquot_6.6.0
[    0.698183] VFS: Dquot-cache hash table entries: 512 (order 0, 4096 bytes)
[    0.699358] squashfs: version 4.0 (2009/01/31) Phillip Lougher
[    0.700487] fuse init (API version 7.23)
[    0.701392] Key type big_key registered
[    0.702070] Allocating IMA MOK and blacklist keyrings.
[    0.703885] Key type asymmetric registered
[    0.704547] Asymmetric key parser 'x509' registered
[    0.705481] Block layer SCSI generic (bsg) driver version 0.4 loaded (major 249)
[    0.707122] io scheduler noop registered
[    0.707831] io scheduler deadline registered (default)
[    0.708709] io scheduler cfq registered
[    0.710513] pci_hotplug: PCI Hot Plug PCI Core version: 0.5
[    0.712827] pciehp: PCI Express Hot Plug Controller Driver version: 0.4
[    0.714492] ACPI: AC Adapter [AC] (off-line)
[    0.715653] input: Power Button as /devices/LNXSYSTM:00/LNXPWRBN:00/input/input0
[    0.717988] ACPI: Power Button [PWRF]
[    0.718683] input: Sleep Button as /devices/LNXSYSTM:00/LNXSLPBN:00/input/input1
[    0.719868] ACPI: Sleep Button [SLPF]
[    0.721178] ACPI: Battery Slot [BAT0] (battery present)
[    0.721977] GHES: HEST is not enabled!
[    0.722639] Serial: 8250/16550 driver, 32 ports, IRQ sharing enabled
[    0.743894] 00:02: ttyS0 at I/O 0x3f8 (irq = 4, base_baud = 115200) is a 16550A
[    0.746455] Linux agpgart interface v0.103
[    0.748464] loop: module loaded
[    0.749703] scsi host0: ata_piix
[    0.750539] scsi host1: ata_piix
[    0.751255] ata1: PATA max UDMA/33 cmd 0x1f0 ctl 0x3f6 bmdma 0xd000 irq 14
[    0.752305] ata2: PATA max UDMA/33 cmd 0x170 ctl 0x376 bmdma 0xd008 irq 15
[    0.753848] libphy: Fixed MDIO Bus: probed
[    0.754481] tun: Universal TUN/TAP device driver, 1.6
[    0.755194] tun: (C) 1999-2004 Max Krasnyansky <maxk@qualcomm.com>
[    0.756088] PPP generic driver version 2.4.2
[    0.756810] ehci_hcd: USB 2.0 'Enhanced' Host Controller (EHCI) Driver
[    0.757717] ehci-pci: EHCI PCI platform driver
[    0.758413] ehci-platform: EHCI generic platform driver
[    0.759182] ohci_hcd: USB 1.1 'Open' Host Controller (OHCI) Driver
[    0.760237] ohci-pci: OHCI PCI platform driver
[    0.760937] ohci-platform: OHCI generic platform driver
[    0.761794] uhci_hcd: USB Universal Host Controller Interface driver
[    0.762732] i8042: PNP: PS/2 Controller [PNP0303:PS2K,PNP0f03:PS2M] at 0x60,0x64 irq 1,12
[    0.764348] serio: i8042 KBD port at 0x60,0x64 irq 1
[    0.765066] serio: i8042 AUX port at 0x60,0x64 irq 12
[    0.765922] mousedev: PS/2 mouse device common for all mice
[    0.767281] input: AT Translated Set 2 keyboard as /devices/platform/i8042/serio0/input/input2
[    0.768671] rtc_cmos rtc_cmos: rtc core: registered rtc_cmos as rtc0
[    0.769651] rtc_cmos rtc_cmos: alarms up to one day, 114 bytes nvram
[    0.770578] i2c /dev entries driver
[    0.771234] device-mapper: uevent: version 1.0.3
[    0.772006] device-mapper: ioctl: 4.34.0-ioctl (2015-10-28) initialised: dm-devel@redhat.com
[    0.773447] ledtrig-cpu: registered to indicate activity on CPUs
[    0.774785] NET: Registered protocol family 10
[    0.775640] NET: Registered protocol family 17
[    0.776313] Key type dns_resolver registered
[    0.777158] registered taskstats version 1
[    0.777826] Loading compiled-in X.509 certificates
[    0.778995] Loaded X.509 cert 'Build time autogenerated kernel key: 12717d7bded22cc9f4c9021cf049cb5c0a2cb7b0'
[    0.780574] zswap: loaded using pool lzo/zbud
[    0.782821] Key type trusted registered
[    0.786177] Key type encrypted registered
[    0.786906] AppArmor: AppArmor sha1 policy hashing enabled
[    0.787790] ima: No TPM chip found, activating TPM-bypass!
[    0.788575] ima: Allocated hash algorithm: sha1
[    0.789321] evm: HMAC attrs: 0x1
[    0.790253]   Magic number: 0:941:332
[    0.790866] tty tty53: hash matches
[    0.791523] rtc_cmos rtc_cmos: setting system clock to 2020-12-02 14:20:21 UTC (1606918821)
[    0.792894] BIOS EDD facility v0.16 2004-Jun-25, 0 devices found
[    0.793813] EDD information not available.
[    0.943599] Freeing unused kernel memory: 1492K
[    0.945832] Write protecting the kernel read-only data: 14336k
[    0.950062] Freeing unused kernel memory: 1588K
[    0.952565] Freeing unused kernel memory: 56K
Loading, please wait...
starting version 229
[    0.990589] random: systemd-udevd: uninitialized urandom read (16 bytes read, 3 bits of entropy available)
[    0.993302] random: udevadm: uninitialized urandom read (16 bytes read, 3 bits of entropy available)
[    0.993364] random: udevadm: uninitialized urandom read (16 bytes read, 3 bits of entropy available)
[    1.004880] random: systemd-udevd: uninitialized urandom read (16 bytes read, 3 bits of entropy available)
[    1.008978] random: systemd-udevd: uninitialized urandom read (16 bytes read, 3 bits of entropy available)
[    1.012882] random: systemd-udevd: uninitialized urandom read (16 bytes read, 3 bits of entropy available)
[    1.016160] random: udevadm: uninitialized urandom read (16 bytes read, 3 bits of entropy available)
[    1.016218] random: udevadm: uninitialized urandom read (16 bytes read, 3 bits of entropy available)
[    1.016459] random: udevadm: uninitialized urandom read (16 bytes read, 3 bits of entropy available)
[    1.016570] random: udevadm: uninitialized urandom read (16 bytes read, 3 bits of entropy available)
[    1.056126] e1000: Intel(R) PRO/1000 Network Driver - version 7.3.21-k8-NAPI
[    1.057546] e1000: Copyright (c) 1999-2006 Intel Corporation.
[    1.061850] Fusion MPT base driver 3.04.20
[    1.062724] Copyright (c) 1999-2008 LSI Corporation
[    1.066748] Fusion MPT SPI Host driver 3.04.20
[    1.083399] AVX2 version of gcm_enc/dec engaged.
[    1.084177] AES CTR mode by8 optimization enabled
[    1.270805] input: ImExPS/2 Generic Explorer Mouse as /devices/platform/i8042/serio1/input/input4
[    1.413957] e1000 0000:00:03.0 eth0: (PCI:33MHz:32-bit) 02:e0:65:d0:24:0e
[    1.416673] e1000 0000:00:03.0 eth0: Intel(R) PRO/1000 Network Connection
[    1.420212] mptbase: ioc0: Initiating bringup
[    1.709827] ioc0: LSI53C1030 A0: Capabilities={Initiator}
[    4.580512] scsi host2: ioc0: LSI53C1030 A0, FwRev=00000000h, Ports=1, MaxQ=256, IRQ=20
[    6.694201] scsi 2:0:0:0: Direct-Access     VBOX     HARDDISK         1.0  PQ: 0 ANSI: 5
[    6.702605] scsi target2:0:0: Beginning Domain Validation
[    6.709326] scsi target2:0:0: Domain Validation skipping write tests
[    6.713433] scsi target2:0:0: Ending Domain Validation
[    6.716679] scsi target2:0:0: asynchronous
[    6.719676] scsi 2:0:1:0: Direct-Access     VBOX     HARDDISK         1.0  PQ: 0 ANSI: 5
[    6.722814] scsi target2:0:1: Beginning Domain Validation
[    6.725745] scsi target2:0:1: Domain Validation skipping write tests
[    6.727359] scsi target2:0:1: Ending Domain Validation
[    6.751785] scsi target2:0:1: asynchronous
[    6.805471] sd 2:0:0:0: Attached scsi generic sg0 type 0
[    6.806702] sd 2:0:1:0: Attached scsi generic sg1 type 0
[    6.807703] sd 2:0:0:0: [sda] 20971520 512-byte logical blocks: (10.7 GB/10.0 GiB)
[    6.809137] sd 2:0:1:0: [sdb] 20480 512-byte logical blocks: (10.5 MB/10.0 MiB)
[    6.810690] sd 2:0:0:0: [sda] Write Protect is off
[    6.811456] sd 2:0:1:0: [sdb] Write Protect is off
[    6.812370] sd 2:0:1:0: [sdb] Incomplete mode parameter data
[    6.813297] sd 2:0:1:0: [sdb] Assuming drive cache: write through
[    6.814251] sd 2:0:0:0: [sda] Incomplete mode parameter data
[    6.815165] sd 2:0:0:0: [sda] Assuming drive cache: write through
[    6.818000]  sda: sda1
[    6.819049] sd 2:0:0:0: [sda] Attached SCSI disk
[    6.833852] sd 2:0:1:0: [sdb] Attached SCSI disk
[    7.454894] e1000 0000:00:08.0 eth1: (PCI:33MHz:32-bit) 08:00:27:93:b7:87
[    7.456487] e1000 0000:00:08.0 eth1: Intel(R) PRO/1000 Network Connection
[    7.459142] e1000 0000:00:03.0 enp0s3: renamed from eth0
[    7.473466] e1000 0000:00:08.0 enp0s8: renamed from eth1
Begin: Loading essential drivers ... [    8.754273] md: linear personality registered for level -1
[    8.757319] md: multipath personality registered for level -4
[    8.759960] md: raid0 personality registered for level 0
[    8.763748] md: raid1 personality registered for level 1
[    8.844835] raid6: sse2x1   gen() 12279 MB/s
[    8.921821] raid6: sse2x1   xor()  8865 MB/s
[    9.001765] raid6: sse2x2   gen() 18737 MB/s
[    9.069199] raid6: sse2x2   xor() 10420 MB/s
[    9.152269] raid6: sse2x4   gen() 17521 MB/s
[    9.232693] raid6: sse2x4   xor() 12661 MB/s
[    9.309609] raid6: avx2x1   gen() 26240 MB/s
[    9.392868] raid6: avx2x2   gen() 35622 MB/s
[    9.468681] raid6: avx2x4   gen() 36597 MB/s
[    9.469717] raid6: using algorithm avx2x4 gen() 36597 MB/s
[    9.470802] raid6: using avx2x2 recovery algorithm
[    9.472813] xor: automatically using best checksumming function:
[    9.512799]    avx       : 24802.000 MB/sec
[    9.514634] async_tx: api initialized (async)
[    9.523772] md: raid6 personality registered for level 6
[    9.524904] md: raid5 personality registered for level 5
[    9.525989] md: raid4 personality registered for level 4
[    9.532287] md: raid10 personality registered for level 10
done.
Begin: Running /scripts/init-premount ... done.
Begin: Mounting root file system ... Begin: Running /scripts/local-top ... done.
Begin: Running /scripts/local-premount ... [    9.557856] Btrfs loaded
Scanning for Btrfs filesystems
done.
Warning: fsck not present, so skipping root file system
[    9.602671] EXT4-fs (sda1): mounted filesystem with ordered data mode. Opts: (null)
done.
Begin: Running /scripts/local-bottom ... done.
Begin: Running /scripts/init-bottom ... done.
[   10.060900] systemd[1]: systemd 229 running in system mode. (+PAM +AUDIT +SELINUX +IMA +APPARMOR +SMACK +SYSVINIT +UTMP +LIBCRYPTSETUP +GCRYPT +GNUTLS +ACL +XZ -LZ4 +SECCOMP +BLKID +ELFUTILS +KMOD -IDN)
[   10.071421] systemd[1]: Detected virtualization oracle.
[   10.074848] systemd[1]: Detected architecture x86-64.

Welcome to [1mUbuntu 16.04.7 LTS[0m!

[   10.096376] systemd[1]: Set hostname to <prd04>.
[   10.450542] random: nonblocking pool is initialized
[   10.774685] systemd[1]: Reached target System Time Synchronized.
[[0;32m  OK  [0m] Reached target System Time Synchronized.
[   10.781668] systemd[1]: Listening on LVM2 poll daemon socket.
[[0;32m  OK  [0m] Listening on LVM2 poll daemon socket.
[   10.788128] systemd[1]: Listening on udev Control Socket.
[[0;32m  OK  [0m] Listening on udev Control Socket.
[   10.793116] systemd[1]: Reached target User and Group Name Lookups.
[[0;32m  OK  [0m] Reached target User and Group Name Lookups.
[   10.797417] systemd[1]: Started Trigger resolvconf update for networkd DNS.
[[0;32m  OK  [0m] Started Trigger resolvconf update for networkd DNS.
[   10.801689] systemd[1]: Created slice System Slice.
[[0;32m  OK  [0m] Created slice System Slice.
[   10.804601] systemd[1]: Listening on Journal Audit Socket.
[[0;32m  OK  [0m] Listening on Journal Audit Socket.
[   10.807445] systemd[1]: Set up automount Arbitrary Executable File Formats File System Automount Point.
[[0;32m  OK  [0m] Set up automount Arbitrary Executab...ats File System Automount Point.
[   10.811187] systemd[1]: Listening on Journal Socket.
[[0;32m  OK  [0m] Listening on Journal Socket.
[   10.825010] systemd[1]: Mounting POSIX Message Queue File System...
         Mounting POSIX Message Queue File System...
[   10.832916] systemd[1]: Mounting Debug File System...
         Mounting Debug File System...
[   10.837242] systemd[1]: Starting Create list of required static device nodes for the current kernel...
         Starting Create list of required st... nodes for the current kernel...
[   10.877384] systemd[1]: Starting Load Kernel Modules...
         Starting Load Kernel Modules...
[   10.886354] systemd[1]: Starting Remount Root and Kernel File Systems...
         Starting Remount Root and Kernel File Systems...
[   10.895472] systemd[1]: Starting Uncomplicated firewall...
         Starting Uncomplicated firewall...
[   10.904062] systemd[1]: Starting Set console keymap...
         Starting Set console keymap...
[   10.909939] systemd[1]: Starting Nameserver information manager...
         Starting Nameserver information manager...
[   10.917547] EXT4-fs (sda1): re-mounted. Opts: (null)
[   10.940944] systemd[1]: Mounting Huge Pages File System...
         Mounting Huge Pages File System...
[   10.942735] systemd[1]: Reached target Swap.
[[0;32m  OK  [0m] Reached target Swap.
[   10.944373] systemd[1]: Listening on /dev/initctl Compatibility Named Pipe.
[[0;32m  OK  [0m] Listening on /dev/initctl Compatibility Named Pipe.
[   10.946923] systemd[1]: Reached target Encrypted Volumes.
[[0;32m  OK  [0m] Reached target Encrypted Volumes.
[   10.948964] systemd[1]: Created slice system-serial\x2dgetty.slice.
[[0;32m  OK  [0m] Created slice system-serial\x2dgetty.slice.
[   10.951080] systemd[1]: Created slice User and Session Slice.
[[0;32m  OK  [0m] Created slice User and Session Slice.
[   10.952789] systemd[1]: Reached target Slices.
[[0;32m  OK  [0m] Reached target Slices.
[   10.954458] systemd[1]: Started Forward Password Requests to Wall Directory Watch.
[[0;32m  OK  [0m] Started Forward Password Requests to Wall Directory Watch.
[   10.956727] systemd[1]: Listening on Syslog Socket.
[[0;32m  OK  [0m] Listening on Syslog Socket.
[   10.958566] systemd[1]: Listening on LVM2 metadata daemon socket.
[[0;32m  OK  [0m] Listening on LVM2 metadata daemon socket.
[   10.960658] systemd[1]: Listening on Journal Socket (/dev/log).
[[0;32m  OK  [0m] Listening on Journal Socket (/dev/log).
[   10.963330] systemd[1]: Starting Journal Service...
         Starting Journal Service...
[   10.964989] systemd[1]: Listening on Device-mapper event daemon FIFOs.
[[0;32m  OK  [0m] Listening on Device-mapper event daemon FIFOs.
[   10.967894] systemd[1]: Starting Monitoring of LVM2 mirrors, snapshots etc. using dmeventd or progress polling...
         Starting Monitoring of LVM2 mirrors... dmeventd or progress polling...
[   10.970896] systemd[1]: Listening on udev Kernel Socket.
[[0;32m  OK  [0m] Listening on udev Kernel Socket.
[   10.974750] systemd[1]: Mounted Huge Pages File System.
[   10.975819] Loading iSCSI transport class v2.0-870.
[[0;32m  OK  [0m] Mounted Huge Pages File System.
[   10.977230] systemd[1]: Mounted Debug File System.
[[0;32m  OK  [0m] Mounted Debug File System.
[   10.979478] systemd[1]: Mounted POSIX Message Queue File System.
[[0;32m  OK  [0m] Mounted POSIX Message Queue File System.
[   10.982370] systemd[1]: Started Create list of required static device nodes for the current kernel.
[[0;32m  OK  [0m] Started Create list of required sta...ce nodes for the current kernel.
[   10.985915] systemd[1]: Started Remount Root and Kernel File Systems.
[[0;32m  OK  [0m] Started Remount Root and Kernel File Systems.
[   10.988517] systemd[1]: Started Uncomplicated firewall.
[[0;32m  OK  [0m] Started Uncomplicated firewall.
[   10.993289] systemd[1]: Starting Load/Save Random Seed...
         Starting Load/Save Random Seed...
[   11.005334] systemd[1]: Starting udev Coldplug all Devices...
         Starting udev Coldplug all Devices...
[   11.011940] systemd[1]: Starting Create Static Device Nodes in /dev...
         Starting Create Static Device Nodes in /dev...
[   11.016454] iscsi: registered transport (tcp)
[   11.018144] systemd[1]: Started Nameserver information manager.
[[0;32m  OK  [0m] Started Nameserver information manager.
[   11.021731] systemd[1]: Started Load/Save Random Seed.
[[0;32m  OK  [0m] Started Load/Save Random Seed.
[   11.053512] systemd[1]: Started Set console keymap.
[[0;32m  OK  [0m] Started Set console keymap.
[   11.055919] systemd[1]: Started Journal Service.
[[0;32m  OK  [0m] Started Journal Service.
         Starting Flush Journal to Persistent Storage...
[[0;32m  OK  [0m] Started udev Coldplug all Devices.
[[0;32m  OK  [0m] Started LVM2 metadata daemon.
[   11.199944] systemd-journald[395]: Received request to flush runtime journal from PID 1
[[0;32m  OK  [0m] Started Flush Journal to Persistent Storage.
[   11.247644] iscsi: registered transport (iser)
[[0;32m  OK  [0m] Started Load Kernel Modules.
         Starting Apply Kernel Variables...
         Mounting FUSE Control File System...
[[0;32m  OK  [0m] Started Create Static Device Nodes in /dev.
         Starting udev Kernel Device Manager...
[[0;32m  OK  [0m] Mounted FUSE Control File System.
[[0;32m  OK  [0m] Started Apply Kernel Variables.
[[0;32m  OK  [0m] Started udev Kernel Device Manager.
[[0;32m  OK  [0m] Started Dispatch Password Requests to Console Directory Watch.
[[0;32m  OK  [0m] Found device /dev/ttyS0.
[[0;32m  OK  [0m] Listening on Load/Save RF Kill Switch Status /dev/rfkill Watch.
[[0;32m  OK  [0m] Started Monitoring of LVM2 mirrors,...ng dmeventd or progress polling.
[[0;32m  OK  [0m] Reached target Local File Systems (Pre).
[[0;32m  OK  [0m] Reached target Local File Systems.
         Starting Create Volatile Files and Directories...
         Starting Set console font and keymap...
         Starting Tell Plymouth To Write Out Runtime Data...
         Starting Initial cloud-init job (pre-networking)...
         Starting LSB: AppArmor initialization...
         Mounting /vagrant...
[[0;32m  OK  [0m] Started Create Volatile Files and Directories.
[[0;32m  OK  [0m] Started Tell Plymouth To Write Out Runtime Data.
         Starting Update UTMP about System Boot/Shutdown...
[[0;32m  OK  [0m] Found device 82540EM Gigabit Ethern...r (PRO/1000 MT Desktop Adapter).
[[0;32m  OK  [0m] Found device 82540EM Gigabit Ethern...r (PRO/1000 MT Desktop Adapter).
[[0;1;31mFAILED[0m] Failed to mount /vagrant.
See 'systemctl status vagrant.mount' for details.
[[0;32m  OK  [0m] Started Update UTMP about System Boot/Shutdown.
[[0;32m  OK  [0m] Started Set console font and keymap.
[[0;32m  OK  [0m] Created slice system-getty.slice.
[[0;32m  OK  [0m] Started LSB: AppArmor initialization.
         Starting Load AppArmor profiles managed internally by snapd...
[[0;32m  OK  [0m] Started Load AppArmor profiles managed internally by snapd.
[   14.566664] cloud-init[598]: Cloud-init v. 20.3-2-g371b392c-0ubuntu1~16.04.1 running 'init-local' at Wed, 02 Dec 2020 14:20:34 +0000. Up 14.10 seconds.
[[0;32m  OK  [0m] Started Initial cloud-init job (pre-networking).
[[0;32m  OK  [0m] Reached target Network (Pre).
[[0;32m  OK  [0m] Started ifup for enp0s8.
         Starting Raise network interfaces...
[[0;32m  OK  [0m] Started ifup for enp0s3.
[[0;32m  OK  [0m] Started Raise network interfaces.
[[0;32m  OK  [0m] Reached target Network.
         Starting Initial cloud-init job (metadata service crawler)...
[   16.362763] cloud-init[1080]: Cloud-init v. 20.3-2-g371b392c-0ubuntu1~16.04.1 running 'init' at Wed, 02 Dec 2020 14:20:35 +0000. Up 15.09 seconds.
[   16.366095] cloud-init[1080]: ci-info: ++++++++++++++++++++++++++++++++++++++Net device info+++++++++++++++++++++++++++++++++++++++
[   16.369305] cloud-init[1080]: ci-info: +--------+------+-----------------------------+---------------+--------+-------------------+
[   16.371892] cloud-init[1080]: ci-info: | Device |  Up  |           Address           |      Mask     | Scope  |     Hw-Address    |
[   16.374438] cloud-init[1080]: ci-info: +--------+------+-----------------------------+---------------+--------+-------------------+
[   16.376627] cloud-init[1080]: ci-info: | enp0s3 | True |          10.0.2.15          | 255.255.255.0 | global | 02:e0:65:d0:24:0e |
[   16.378773] cloud-init[1080]: ci-info: | enp0s3 | True |  fe80::e0:65ff:fed0:240e/64 |       .       |  link  | 02:e0:65:d0:24:0e |
[   16.380782] cloud-init[1080]: ci-info: | enp0s8 | True |         192.168.3.53        | 255.255.255.0 | global | 08:00:27:93:b7:87 |
[   16.382594] cloud-init[1080]: ci-info: | enp0s8 | True | fe80::a00:27ff:fe93:b787/64 |       .       |  link  | 08:00:27:93:b7:87 |
[   16.384481] cloud-init[1080]: ci-info: |   lo   | True |          127.0.0.1          |   255.0.0.0   |  host  |         .         |
[   16.386208] cloud-init[1080]: ci-info: |   lo   | True |           ::1/128           |       .       |  host  |         .         |
[   16.387559] cloud-init[1080]: ci-info: +--------+------+-----------------------------+---------------+--------+-------------------+
[   16.389004] cloud-init[1080]: ci-info: +++++++++++++++++++++++++++Route IPv4 info++++++++++++++++++++++++++++
[   16.390216] cloud-init[1080]: ci-info: +-------+-------------+----------+---------------+-----------+-------+
[   16.391649] cloud-init[1080]: ci-info: | Route | Destination | Gateway  |    Genmask    | Interface | Flags |
[   16.392900] cloud-init[1080]: ci-info: +-------+-------------+----------+---------------+-----------+-------+
[   16.394362] cloud-init[1080]: ci-info: |   0   |   0.0.0.0   | 10.0.2.2 |    0.0.0.0    |   enp0s3  |   UG  |
[   16.395788] cloud-init[1080]: ci-info: |   1   |   10.0.2.0  | 0.0.0.0  | 255.255.255.0 |   enp0s3  |   U   |
[   16.397185] cloud-init[1080]: ci-info: |   2   | 192.168.3.0 | 0.0.0.0  | 255.255.255.0 |   enp0s8  |   U   |
[   16.398425] cloud-init[1080]: ci-info: +-------+-------------+----------+---------------+-----------+-------+
[   16.399810] cloud-init[1080]: ci-info: +++++++++++++++++++Route IPv6 info+++++++++++++++++++
[   16.400851] cloud-init[1080]: ci-info: +-------+-------------+---------+-----------+-------+
[   16.402081] cloud-init[1080]: ci-info: | Route | Destination | Gateway | Interface | Flags |
[   16.403304] cloud-init[1080]: ci-info: +-------+-------------+---------+-----------+-------+
[   16.404550] cloud-init[1080]: ci-info: |   0   |  fe80::/64  |    ::   |   enp0s8  |   U   |
[[0;32m  OK  [0m] Started Initial cloud-init job (metadata service crawler).
[[0;32m  OK  [0m] Reached target Cloud-config availability.
[[0;32m  OK  [0m] Reached target System Initialization.
[[0;32m  OK  [0m] Listening on D-Bus System Message Bus Socket.
         Starting Socket activation for snappy daemon.
[[0;32m  OK  [0m] Listening on UUID daemon activation socket.
[[0;32m  OK  [0m] Started Daily Cleanup of Temporary Directories.
[   16.405692] cloud-init[1080]: ci-info: |   1   |  fe80::/64  |    ::   |   enp0s3  |   U   |
[   16.410816] cloud-init[1080]: ci-info: |   4   |   ff00::/8  |    ::   |   enp0s8  |   U   |
[   16.411786] cloud-init[1080]: ci-info: |   5   |   ff00::/8  |    ::   |   enp0s3  |   U   |
[   16.412783] cloud-init[1080]: ci-info: +-------+-------------+---------+-----------+-------+
[[0;32m  OK  [0m] Started ACPI Events Check.
[[0;32m  OK  [0m] Reached target Paths.
[[0;32m  OK  [0m] Started Daily apt download activities.
[[0;32m  OK  [0m] Started Daily apt upgrade and clean activities.
[[0;32m  OK  [0m] Listening on ACPID Listen Socket.
[[0;32m  OK  [0m] Started Message of the Day.
         Starting LXD - unix socket.
[[0;32m  OK  [0m] Reached target Timers.
[[0;32m  OK  [0m] Reached target Network is Online.
         Starting iSCSI initiator daemon (iscsid)...
[[0;32m  OK  [0m] Listening on Socket activation for snappy daemon.
[[0;32m  OK  [0m] Listening on LXD - unix socket.
[[0;32m  OK  [0m] Reached target Sockets.
[[0;32m  OK  [0m] Reached target Basic System.
[[0;32m  OK  [0m] Started FUSE filesystem for LXC.
[[0;32m  OK  [0m] Started ACPI event daemon.
[[0;32m  OK  [0m] Started Regular background program processing daemon.
         Starting LSB: Record successful boot for GRUB...
[[0;32m  OK  [0m] Started Deferred execution scheduler.
[[0;32m  OK  [0m] Started D-Bus System Message Bus.
         Starting Login Service...
         Starting /etc/rc.local Compatibility...
         Starting System Logging Service...
         Starting Accounts Service...
         Starting Virtualbox guest utils...
         Starting OpenBSD Secure Shell server...
         Starting LSB: MD monitoring daemon...
         Starting LXD - container startup/shutdown...
         Starting Snap Daemon...
         Starting Message of the Day...
[[0;32m  OK  [0m] Started /etc/rc.local Compatibility.
[[0;32m  OK  [0m] Started Message of the Day.
[[0;32m  OK  [0m] Started Login Service.
[[0;32m  OK  [0m] Started Unattended Upgrades Shutdown.
[[0;32m  OK  [0m] Started LSB: Record successful boot for GRUB.
[[0;32m  OK  [0m] Started System Logging Service.
[[0;32m  OK  [0m] Started iSCSI initiator daemon (iscsid).
         Starting Login to default iSCSI targets...
[[0;32m  OK  [0m] Started LSB: MD monitoring daemon.
         Starting Authenticate and Authorize Users to Run Privileged Tasks...
[[0;32m  OK  [0m] Started OpenBSD Secure Shell server.
[[0;32m  OK  [0m] Started Login to default iSCSI targets.
[[0;32m  OK  [0m] Reached target Remote File Systems (Pre).
[[0;32m  OK  [0m] Reached target Remote File Systems.
         Starting LSB: daemon to balance interrupts for SMP systems...
         Starting LSB: automatic crash report generation...
         Starting Permit User Sessions...
         Starting LSB: Set the CPU Frequency Scaling governor to "ondemand"...
[[0;32m  OK  [0m] Started Virtualbox guest utils.
[[0;32m  OK  [0m] Started Authenticate and Authorize Users to Run Privileged Tasks.
[[0;32m  OK  [0m] Started Accounts Service.
[[0;32m  OK  [0m] Started LSB: Set the CPU Frequency Scaling governor to "ondemand".
[[0;32m  OK  [0m] Started Permit User Sessions.
         Starting Terminate Plymouth Boot Screen...
         Starting Hold until boot process finishes up...
[[0;32m  OK  [0m] Started Hold until boot process finishes up.
[[0;32m  OK  [0m] Started Terminate Plymouth Boot Screen.
[[0;32m  OK  [0m] Started Getty on tty1.
[[0;32m  OK  [0m] Started Serial Getty on ttyS0.
[[0;32m  OK  [0m] Reached target Login Prompts.
         Starting Set console scheme...
[[0;32m  OK  [0m] Started LSB: automatic crash report generation.
[[0;32m  OK  [0m] Started Set console scheme.
[[0;32m  OK  [0m] Started LSB: daemon to balance interrupts for SMP systems.
[[0;32m  OK  [0m] Created slice User Slice of vagrant.
         Starting User Manager for UID 1000...
[[0;32m  OK  [0m] Started Session 1 of user vagrant.
[[0;32m  OK  [0m] Started LXD - container startup/shutdown.
[[0;32m  OK  [0m] Started User Manager for UID 1000.
[[0;32m  OK  [0m] Started Snap Daemon.
         Starting Wait until snapd is fully seeded...
[[0;32m  OK  [0m] Started Wait until snapd is fully seeded.
[[0;32m  OK  [0m] Reached target Multi-User System.
[[0;32m  OK  [0m] Reached target Graphical Interface.
         Starting Update UTMP about System Runlevel Changes...
         Starting Apply the settings specified in cloud-config...
[[0;32m  OK  [0m] Started Update UTMP about System Runlevel Changes.
[   20.916620] cloud-init[1410]: Cloud-init v. 20.3-2-g371b392c-0ubuntu1~16.04.1 running 'modules:config' at Wed, 02 Dec 2020 14:20:41 +0000. Up 20.80 seconds.
[[0;32m  OK  [0m] Started Apply th[[0;32m  OK  [0m] Stopped target Graphical Interface.
         Stopping User Manager for UID 1000...
[[0;32m  OK  [0m] Stopped target Timers.
[[0;32m  OK  [0m] Stopped Message of the Day.
         Stopping Session 9 of user vagrant.
[[0;32m  OK  [0m] Stopped Daily apt upgrade and clean activities.
         Unmounting /vagrant...
         Stopping ACPI event daemon...
[[0;32m  OK  [0m] Stopped Daily apt download activities.
[[0;32m  OK  [0m] Stopped target System Time Synchronize[[0;32m  OK  [0m] Closed Load/Save RF Kill Switch Status /dev/rfkill Watch.
[[0;32m  OK  [0m] Stopped target Cloud-init target.
         Stopping Session 9 of user vagrant.
[[0;32m  OK  [0m] Stopped Execute cloud user/final scripts.
         Stopping ACPI event daemon...
[[0;32m  OK  [0m] Stopped target Graphical Interface.
         Stoppin[[0;32m  OK  [0m] Closed Load/Save RF Kill Switch Status /dev/rfkill Watch.
         Stopping User Manager for UID 1000...
[[0;32m  OK  [0m] Stopped target Cloud-init target.
[[0;32m  OK  [0m] Stopped target Graphical Interface.
[[0;32m  OK  [0m] Stopped target Timers.
[[0;32m  OK  [0m] Stopped Daily apt upgrade and clean activities.
[[0;32m  OK  [0m] Stopped Daily apt download activities.
[[0;32m  OK  [0m] Stopped Daily Cleanup of Temporary Directories.
         Stopping Accounts Service...
         Stopping Session 14 of user vagrant.
[[0;32m  OK  [0m] Stopped Execute cloud user/final scripts.
[[0;32m  OK  [0m] Stopped Apply the settings specified in cloud-config.
[[0;32m  OK  [0m] Stopped target Cloud-config availability.
         Unmounting /vagrant...
         Stopping ACPI event daemon...
[[0;32m  OK  [0m] Stopped target Multi-User System.
         Stopping Regular background program processing daemon...
         Stopping LSB: Set the CPU Frequency Scaling governor to "ondemand"...
         Stopping System Logging Service...
         Stopping D-Bus System Message Bus...
         Stopping LSB: MD monitoring daemon...
         Stopping Virtualbox guest utils...
         Stopping OpenBSD Secure Shell server...
         Stopping LSB: automatic crash report generation...
[[0;32m  OK  [0m] Stopped target Login Prompts.
         Stopping Getty on tty1...
         Stopping Serial Getty on ttyS0...
         Stopping Deferred execution scheduler...
         Stopping LXD - container startup/shutdown...
[[0;32m  OK  [0m] Stopped Wait until snapd is fully seeded.
         Stopping FUSE filesystem for LXC...
         Stopping LSB: daemon to balance interrupts for SMP systems...
         Stopping LSB: Record successful boot for GRUB...
         Stopping Authenticate and Authorize Users to Run Privileged Tasks...
[[0;32m  OK  [0m] Stopped Message of the Day.
[[0;32m  OK  [0m] Stopped target System Time Synchronized.
[[0;32m  OK  [0m] Unmounted /var/lib/lxcfs.
[[0;32m  OK  [0m] Stopped System Logging Service.
[[0;32m  OK  [0m] Stopped Regular background program processing daemon.
[[0;32m  OK  [0m] Stopped Deferred execution scheduler.
[[0;32m  OK  [0m] Stopped Accounts Service.
[[0;32m  OK  [0m] Stopped Serial Getty on ttyS0.
[[0;32m  OK  [0m] Stopped Getty on tty1.
[[0;32m  OK  [0m] Stopped OpenBSD Secure Shell server.
[[0;32m  OK  [0m] Stopped Authenticate and Authorize Users to Run Privileged Tasks.
[[0;32m  OK  [0m] Stopped User Manager for UID 1000.
[[0;32m  OK  [0m] Stopped Session 14 of user vagrant.
[[0;32m  OK  [0m] Unmounted /vagrant.
[[0;32m  OK  [0m] Stopped D-Bus System Message Bus.
[[0;32m  OK  [0m] Stopped ACPI event daemon.
[[0;32m  OK  [0m] Stopped LSB: Set the CPU Frequency Scaling governor to "ondemand".
[[0;32m  OK  [0m] Stopped FUSE filesystem for LXC.
[[0;32m  OK  [0m] Stopped LSB: MD monitoring daemon.
[[0;32m  OK  [0m] Stopped LXD - container startup/shutdown.
[[0;32m  OK  [0m] Stopped LSB: daemon to balance interrupts for SMP systems.
[[0;32m  OK  [0m] Stopped LSB: Record successful boot for GRUB.
[[0;32m  OK  [0m] Stopped Virtualbox guest utils.
[[0;32m  OK  [0m] Removed slice User Slice of vagrant.
         Stopping Login Service...
[[0;32m  OK  [0m] Removed slice system-getty.slice.
         Stopping Permit User Sessions...
[[0;32m  OK  [0m] Removed slice system-serial\x2dgetty.slice.
[[0;32m  OK  [0m] Stopped /etc/rc.local Compatibility.
[[0;32m  OK  [0m] Stopped LSB: automatic crash report generation.
[[0;32m  OK  [0m] Stopped Permit User Sessions.
[[0;32m  OK  [0m] Stopped target Remote File Systems.
[[0;32m  OK  [0m] Stopped target Remote File Systems (Pre).
         Stopping Login to default iSCSI targets...
[[0;32m  OK  [0m] Stopped Login Service.
[[0;32m  OK  [0m] Stopped target User and Group Name Lookups.
[[0;32m  OK  [0m] Stopped target Basic System.
[[0;32m  OK  [0m] Stopped target Slices.
[[0;32m  OK  [0m] Stopped target Paths.
[[0;32m  OK  [0m] Stopped ACPI Events Check.
[[0;32m  OK  [0m] Stopped Dispatch Password Requests to Console Directory Watch.
[[0;32m  OK  [0m] Stopped Forward Password Requests to Wall Directory Watch.
[[0;32m  OK  [0m] Stopped target Sockets.
[[0;32m  OK  [0m] Closed ACPID Listen Socket.
[[0;32m  OK  [0m] Closed Socket activation for snappy daemon.
[[0;32m  OK  [0m] Closed UUID daemon activation socket.
[[0;32m  OK  [0m] Closed LXD - unix socket.
[[0;32m  OK  [0m] Closed D-Bus System Message Bus Socket.
[[0;32m  OK  [0m] Closed Syslog Socket.
[[0;32m  OK  [0m] Stopped target System Initialization.
[[0;32m  OK  [0m] Stopped target Swap.
         Stopping Load/Save Random Seed...
[[0;32m  OK  [0m] Stopped target Encrypted Volumes.
         Stopping Update UTMP about System Boot/Shutdown...
[[0;32m  OK  [0m] Removed slice User and Session Slice.
[[0;32m  OK  [0m] Stopped Load/Save Random Seed.
[[0;32m  OK  [0m] Stopped Update UTMP about System Boot/Shutdown.
[[0;32m  OK  [0m] Stopped Create Volatile Files and Directories.
[[0;32m  OK  [0m] Stopped Login to default iSCSI targets.
         Stopping iSCSI initiator daemon (iscsid)...
[[0;32m  OK  [0m] Stopped iSCSI initiator daemon (iscsid).
[[0;32m  OK  [0m] Stopped target Network is Online.
[[0;32m  OK  [0m] Stopped Initial cloud-init job (metadata service crawler).
[[0;32m  OK  [0m] Stopped target Network.
         Stopping Raise network interfaces...
[[0;32m  OK  [0m] Stopped Raise network interfaces.
[[0;32m  OK  [0m] Stopped target Network (Pre).
[[0;32m  OK  [0m] Stopped Initial cloud-init job (pre-networking).
[[0;32m  OK  [0m] Stopped target Local File Systems.
         Unmounting /run/user/1000...
[[0;32m  OK  [0m] Stopped Apply Kernel Variables.
[[0;32m  OK  [0m] Stopped Load Kernel Modules.
[[0;32m  OK  [0m] Unmounted /run/user/1000.
[[0;32m  OK  [0m] Reached target Unmount All Filesystems.
[[0;32m  OK  [0m] Stopped target Local File Systems (Pre).
[[0;32m  OK  [0m] Stopped Remount Root and Kernel File Systems.
[[0;32m  OK  [0m] Stopped Create Static Device Nodes in /dev.
[[0;32m  OK  [0m] Reached target Shutdown.
[ 3521.444753] reboot: Power down
