[    00000 Initializin cgroup subss puset
[  0.00000] itializing cgroup subsyscp
[    .0000] Iitlizig rop subss pucc
   0.000000] Linux version 4.4.0-92-generic (buildd@lcy01-17) (gcc version 5.4.0 20160609 (Ubuntu 5.4.0-6ubuntu1~16.04.4) ) #115-Ubuntu SMP Thu Aug 10 09:04:33 UTC 2017 (Ubuntu 4.4.0-92.115-generic 4.4.76)
[    0.000000] Command line: BOOT_IMAGE=/boot/vmlinuz-4.4.0-92-generic root=LABEL=cloudimg-rootfs ro console=tty1 console=ttyS0
[    0.000000] KERNEL supported cpus:
[    0.000000]   Intel GenuineIntel
[    0.000000]   AMD AuthenticAMD
[    0.000000]   Centaur CentaurHauls
[    0.000000] ------------[ cut here ]------------
[    0.000000] WARNING: CPU: 0 PID: 0 at /build/linux-hVVhWi/linux-4.4.0/arch/x86/kernel/fpu/xstate.c:517 fpu__init_system_xstate+0x38b/0x75a()
[    0.000000] XSAVE consistency problem, dumping leaves
[    0.000000] Modules linked in:
[    0.000000] CPU: 0 PID: 0 Comm: swapper Not tainted 4.4.0-92-generic #115-Ubuntu
[    0.000000]  0000000000000086 961c5e99a723ad18 ffffffff81e03d80 ffffffff813f9c83
[    0.000000]  ffffffff81e03dc8 ffffffff81caa208 ffffffff81e03db8 ffffffff81081312
[    0.000000]  ffffffff81e03e48 ffffffff81e03e4c 0000000000000008 0000000000000100
[    0.000000] Call Trace:
[    0.000000]  [<ffffffff813f9c83>] dump_stack+0x63/0x90
[    0.000000]  [<ffffffff81081312>] warn_slowpath_common+0x82/0xc0
[    0.000000]  [<ffffffff810813ac>] warn_slowpath_fmt+0x5c/0x80
[    0.000000]  [<ffffffff8107d020>] ? xfeature_size+0x59/0x77
[    0.000000]  [<ffffffff81f6d206>] fpu__init_system_xstate+0x38b//0x75a
[    0.000000]  [<ffffffff81f5d120>] ? early_idt_handler_array+0x120/0x120
[    0.000000]  [<ffffffff81f6cb71>] fpu__init_system+0x10d/0x245
[    0.000000]  [<ffffffff81f6dc7a>] early_cpu_init+0x139/0x13e
[    0.000000]  [<ffffffff81f6dc7a>] ? early_cpu_init+0x139/0x13e
[    0.000000]  [<ffffffff81f69181>] setup_arch+0xb4/0xcf1
[    0.000000]  [<ffffffff81f5d120>] ? early_idt_handler_array+0x120/0x120
[    0.000000]  [<ffffffff81f5dc74>] start_kernel+0xe4/0x4a2
[    0.000000]  [<ffffffff81f5d120>] ? early_idt_handler_array+0x120/0x120
[    0.000000]  [<ffffffff81f5d339>] x86_64_start_reservations+0x2a/0x2c
[    0.000000]  [<ffffffff81f5d485>] x86_64_start_kernel+0x14a/0x16d
[    0.000000] ---[ end trace 4d5ff9f2f68c4233 ]---
[    0.000000] CPUID[0d, 00]: eax=00000007 ebx=00000440 ecx=00000440 edx=00000000
[    0.000000] CPUID[0d, 01]: eax=00000000 ebx=000003c0 ecx=00000000 edx=00000000
[    0.000000] CPUID[0d, 02]: eax=00000100 ebx=00000240 ecx=00000000 edx=00000000
[    0.000000] CPUID[0d, 03]: eax=00000000 ebx=00000000 ecx=00000000 edx=00000000
[    0.000000] CPUID[0d, 04]: eax=00000000 ebx=00000000 ecx=00000000 edx=00000000
[    0.000000] CPUID[0d, 05]: eax=00000000 ebx=00000000 ecx=00000000 edx=00000000
[    0.000000] CPUID[0d, 06]: eax=00000000 ebx=00000000 ecx=00000000 edx=00000000
[    0.000000] CPUID[0d, 07]: eax=00000000 ebx=00000000 ecx=00000000 edx=00000000
[    0.000000] CPUID[0d, 08]: eax=00000000 ebx=00000000 ecx=00000000 edx=00000000
[    0.000000] CPUID[0d, 09]: eax=00000000 ebx=00000000 ecx=00000000 edx=00000000
[    0.000000] CPUID[0d, 0a]: eax=00000000 ebx=00000000 ecx=00000000 edx=00000000
[    0.000000] CPUID[0d, 0b]: eax=00000000 ebx=00000000 ecx=00000000 edx=00000000
[    0.000000] CPUID[0d, 0c]: eax=00000000 ebx=00000000 ecx=00000000 edx=00000000
[    0.000000] CPUID[0d, 0d]: eax=00000000 ebx=00000000 ecx=00000000 edx=00000000
[    0.000000] CPUID[0d, 0e]: eax=00000000 ebx=00000000 ecx=00000000 edx=00000000
[    0.000000] CPUID[0d, 0f]: eax=00000000 ebx=00000000 ecx=00000000 edx=00000000
[    0.000000] CPUID[0d, 10]: eax=00000000 ebx=00000000 ecx=00000000 edx=00000000
[    0.000000] CPUID[0d, 11]: eax=00000000 ebx=00000000 ecx=00000000 edx=00000000
[    0.000000] x86/fpu: xstate_offset[2]:  576, xstate_sizes[2]:  256
[    0.000000] x86/fpu: Supporting XSAVE feature 0x01: 'x87 floating point registers'
[    0.000000] x86/fpu: Supporting XSAVE feature 0x02: 'SSE registers'
[    0.000000] x86/fpu: Supportng XSAVE feature 0x04: 'AVX registers'
[    0.000000] x86/fpu: Enabled xstate features 0x7, context size is 1088 bytes, using 'standard' format.
[    0.000000] x86/fpu: Using 'lazy' FPU context switches.
[    0.0000] e820: BIOS-provided physical RAM map:
[    0.000000] BIOS-e820: [mem 0x0000000000000000-0x000000000009fbff] usable
[    0.000000] BIOS-e820: [mem 0x000000000009fc00-0x000000000009ffff] reserved
[    0.000000] BIOS-e820: [mem 0x00000000000f0000-0x00000000000fffff] reserved
[    0.000000] BIOS-e820: [mem 0x0000000000100000-0x000000003ffeffff] usable
[    0.000000] BIOS-e820: [mem 0x000000003fff0000-0x000000003fffffff] ACPI data
[    0.000000] BIOS-e820: [mem 0x00000000fffc0000-0x00000000ffffffff] reserved
[    0.000000] NX (Execute Disable) protection: active
[    0.000000] SMBIOS 2.5 present.
[    0.000000] Hypervisor detected: KVM
[    0.000000] e820: last_pfn = 0x3fff0 max_arch_pfn = 0x400000000
[    0.000000] MTRR: Disabled
[    0.000000] x86/PAT: MTRRs disabled, skipping PAT initialization too.
[    0.000000] x86/PAT: Configuration [0-7]: WB  WT  UC- UC  WB  WT  UC- UC  
[    0.000000] CPU MTRRs all blank - virtualized system.
[    0.000000] found SMP MP-table at [mem 0x0009fff0-0x0009ffff] mapped at [ffff88000009fff0]
[    0.000000] Scanning 1 areas for low memory corruption
[    0.000000] RAMDISK: [mem 0x36ac8000-0x3755bfff]
[    0.000000] ACPI: Early table checksum verification disabled
[    0.000000] ACPI: RSDP 0x00000000000E0000 000024 (v02 VBOX  )
[    0.000000] ACPI: XSDT 0x000000003FFF0030 00003C (v01 VBOX   VBOXXSDT 00000001 ASL  00000061)
[    0.000000] ACPI: FACP 0x000000003FFF00F0 0000F4 (v04 VBOX   VBOXFACP 00000001 ASL  00000061)
[    0.000000] ACPI: DSDT 0x000000003FFF0470 002118 (v01 VBOX   VBOXBIOS 00000002 INTL 20160108)
[    0.000000] ACPI: FACS 0x000000003FFF0200 000040
[    0.000000] ACPI: FACS 0x000000003FFF0200 000040
[    0.000000] ACPI: APIC 0x000000003FFF0240 00005C (v02 VBOX   VBOXAPIC 00000001 ASL  00000061)
[    0.000000] ACPI: SSDT 0x000000003FFF02A0 0001CC (v01 VBOX   VBOXCPUT 00000002 INTL 20160108)
[    0.000000] No NUMA configuration found
[    0.000000] Faking a node at [mem 0x0000000000000000-0x000000003ffeffff]
[    0.000000] NODE_DATA(0) allocated [mem 0x3ffeb000-0x3ffeffff]
[    0.000000] kvm-clock: Using msrs 4b564d01 and 4b564d00
[    0.000000] kvm-clock: cpu 0, msr 0:3ffe3001, primary cpu clock
[    0.000000] kvm-clock: using sched offset of 3207827377 cycles
[    0.000000] clocksource: kvm-clock: mask: 0xffffffffffffffff max_cycles: 0x1cd42e4dffb, max_idle_ns: 881590591483 ns
[    0.000000] Zone ranges:
[    0.000000]   DMA      [mem 0x0000000000001000-0x0000000000ffffff]
[    0.000000]   DMA32    [mem 0x0000000001000000-0x000000003ffeffff]
[    0.000000]   Normal   empty
[    0.000000]   Device   empty
[    0.000000] Movable zone start for each node
[    0.000000] Early memory node ranges
[    0.000000]   node   0: [mem 0x0000000000001000-0x000000000009efff]
[    0.000000]   node   0: [mem 0x0000000000100000-0x000000003ffeffff]
[    0.000000] Initmem setup node 0 [mem 0x0000000000001000-0x000000003ffeffff]
[    0.000000] ACPI: PM-Timer IO Port: 0x4008
[    0.000000] IOAPIC[0]: apic_id 2, version 17, address 0xfec00000, GSI 0-23
[    0.000000] ACPI: INT_SRC_OVR (bus 0 bus_irq 0 global_irq 2 dfl dfl)
[    0.000000] ACPI: INT_SRC_OVR (bus 0 bus_irq 9 global_irq 9 high level)
[    0.000000] Using ACPI (MADT) for SMP configuration information
[    0.000000] smpboot: Allowing 2 CPUs, 0 hotplug CPUs
[    0.000000] PM: Registered nosave memory: [mem 0x00000000-0x00000fff]
[    0.000000] PM: Registered nosave memory: [mem 0x0009f000-0x0009ffff]
[    0.000000] PM: Registered nosave memory: [mem 0x000a0000-0x000effff]
[    0.000000] PM: Registered nosave memory: [mem 0x000f0000-0x000fffff]
[    0.000000] e820: [mem 0x40000000-0xfffbffff] available for PCI devices
[    0.000000] Booting paravirtualized kernel on KVM
[    0.000000] clocksource: refined-jiffies: mask: 0xffffffff max_cycles: 0xffffffff, max_idle_ns: 7645519600211568 ns
[    0.000000] setup_percpu: NR_CPUS:512 nr_cpumask_bits:512 nr_cpu_ids:2 nr_node_ids:1
[    0.000000] PERCPU: Embedded 33 pages/cpu @ffff88003fc00000 s98264 r8192 d28712 u1048576
[    0.000000] PV qspinlock hash table entries: 256 (order: 0, 4096 bytes)
[    0.000000] Built 1 zonelists in Node order, mobility grouping on.  Total pages: 257913
[    0.000000] Policy zone: DMA32
[    0.000000] Kernel command line: BOOT_IMAGE=/boot/vmlinuz-4.4.0-92-generic root=LABEL=cloudimg-rootfs ro console=tty1 console=ttyS0
[    0.000000] PID hash table entries: 4096 (order: 3, 32768 bytes)
[    0.000000] Memory: 1001744K/1048120K available (8474K kernel code, 1294K rwdata, 3984K rodata, 1488K init, 1316K bss, 46376K reserved, 0K cma-reserved)
[    0.000000] SLUB: HWalign=64, Order=0-3, MinObjects=0, CPUs=2, Nodes=1
[    0.000000] Hierarchical RCU implementation.
[    0.000000] 	Build-time adjustment of leaf fanout to 64.
[    0.000000] 	RCU restricting CPUs from NR_CPUS=512 to nr_cpu_ids=2.
[    0.000000] RCU: Adjusting geometry for rcu_fanout_leaf=64, nr_cpu_ids=2
[    0.000000] NR_IRQS:33024 nr_irqs:440 16
[    0.000000] Console: colour VGA+ 80x25
[    0.000000] console [tty1] enabled
[    0.000000] console [ttyS0] enabled
[    0.000000] tsc: Detected 2399.998 MHz processor
[    0.915401] Calibrating delay loop (skipped) preset value.. 4799.99 BogoMIPS (lpj=9599992)
[    0.916988] pid_max: default: 32768 minimum: 301
[    0.918095] ACPI: Core revision 20150930
[    0.919822] ACPI: 2 ACPI AML tables successfully acquired and loaded
[    0.921038] Security Framework initialized
[    0.921803] Yama: becoming mindful.
[    0.922505] AppArmor: AppArmor initialized
[    0.923417] Dentry cache hash table entries: 131072 (order: 8, 1048576 bytes)
[    0.924766] Inode-cache hash table entries: 65536 (order: 7, 524288 bytes)
[   0.926420] Mount-cache hash table entries: 2048 (order: 2, 16384 bytes)
[    0.940202] Mountpoint-cache hash table entries: 2048 (order: 2, 16384 bytes)

[    0.941639] Initializing cgroup subsys io
[    0.942448] Initializing cgroup subsys memory
[    0.943317] Initializing cgroup subsys devices
[    0.944127] Initializing cgroup subsys freezer
[    0.944968] Initializing cgroup subsys net_cls
[    0.945776] Initializing cgroup subsys perf_event
[    0.946692] Initializing cgroup subsys net_prio
[    0.947556] Initializing cgroup subsys hugetlb
[    0.948360] Initializing cgroup subsys pids
[    0.949209] CPU: Physical Processor ID: 0
[    0.949960] CPU: Processor Core ID: 0
[    0.952422] mce: CPU supports 0 MCE banks
[    0.953198] Last level iTLB entries: 4KB 64, 2MB 8, 4MB 8
[    0.954157] Last level dTLB entries: 4KB 64, 2MB 0, 4MB 0, 1GB 4
[    0.957082] Freeing SMP alternatives memory: 32K (ffffffff820b9000 - ffffffff820c1000)
[    0.966666] ftrace: allocating 32131 entries in 126 pages
[    1.011603] smpboot: APIC(0) Converting physical 0 to logical package 0
[    1.148332] smpboot: Max logical packages: 1
[    1.176802] ..TIMER: vector=0x30 apic1=0 pin1=2 apic2=-1 pin2=-1
[    1.355181] APIC calibration not consistent with PM-Timer: 104ms instead of 100ms
[    1.374249] APIC delta adjusted to PM-Timer: 6249992 (6552877)
[    1.375242] smpboot: CPU0: Intel(R) Core(TM) i5-6200U CPU @ 2.30GHz (family: 0x6, model: 0x4e, stepping: 0x3)
[    1.377002] Performance Events: unsupported p6 CPU model 78 no PMU driver, software events only.
[    1.378595] KVM setup paravirtual spinlock
[    1.380196] x86: Booting SMP configuration:
[    1.447706] .... node  #0, CPUs:      #1
[    1.515197] kvm-clock: cpu 1, msr 0:3ffe3041, secondary cpu clock
[    1.517666] mce: CPU supports 0 MCE banks
[    1.520135] x86: Booted up 1 node, 2 CPUs
[    1.567895] smpboot: Total of 2 processors activated (9599.99 BogoMIPS)
[    1.669128] devtmpfs: initialized
[    1.681481] evm: security.selinux
[    1.719678] evm: security.SMACK64
[    1.725730] evm: security.SMACK64EXEC
[    1.726433] evm: security.SMACK64TRANSMUTE
[    1.727223] evm: security.SMACK64MMAP
[    1.729097] evm: security.ima
[    1.729713] evm: security.capability
[    1.730703] clocksource: jiffies: mask: 0xffffffff max_cycles: 0xffffffff, max_idle_ns: 7645041785100000 ns
[    1.732502] futex hash table entries: 512 (order: 3, 32768 bytes)
[    1.733720] pinctrl core: initialized pinctrl subsystem
[    1.734742] RTC time: 10:48:05, date: 08/23/17
[    1.736318] NET: Registered protocol family 16
[    1.747755] cpuidle: using governor ladder
[    1.876285] cpuidle: using governor menu
[    1.882318] PCCT header not found.
[    1.883047] ACPI: bus type PCI registered
[    1.883797] acpiphp: ACPI Hot Plug PCI Controller Driver version: 0.5
[    1.884883] PCI: Using configuration type 1 for base access
[    1.896351] ACPI: Added _OSI(Module Device)
[    2.013018] ACPI: Added _OSI(Processor Device)
[    2.033450] ACPI: Added _OSI(3.0 _SCP Extensions)
[    2.034276] ACPI: Added _OSI(Processor Aggregator Device)
[    2.035916] ACPI: Executed 1 blocks of module-level executable AML code
[    2.038975] ACPI: Interpreter enabled
[    2.039728] ACPI: (supports S0 S5)
[    2.040450] ACPI: Using IOAPIC for interrupt routing
[    2.041542] PCI: Using host bridge windows from ACPI; if necessary, use "pci=nocrs" and report a bug
[    2.046294] ACPI: PCI Root Bridge [PCI0] (domain 0000 [bus 00-ff])
[    2.048910] acpi PNP0A03:00: _OSC: OS supports [ASPM ClockPM Segments MSI]
[    2.049999] acpi PNP0A03:00: _OSC failed (AE_NOT_FOUND); disabling ASPM
[    2.051108] acpi PNP0A03:00: fail to add MMCONFIG information, can't access extended PCI configuration space under this bridge.
[    2.054288] PCI host bridge to bus 0000:00
[    2.055041] pci_bus 0000:00: root bus resource [io  0x0000-0x0cf7 window]
[    2.056222] pci_bus 0000:00: root bus resource [io  0x0d00-0xffff window]
[    2.057326] pci_bus 0000:00: root bus resource [mem 0x000a0000-0x000bffff window]
[    2.058683] pci_bus 0000:00: root bus resource [mem 0x40000000-0xffdfffff window]
[    2.060144] pci_bus 0000:00: root bus resource [bus 00-ff]
[    2.062314] pci 0000:00:01.1: legacy IDE quirk: reg 0x10: [io  0x01f0-0x01f7]
[    2.063494] pci 0000:00:01.1: legacy IDE quirk: reg 0x14: [io  0x03f6]
[    2.064580] pci 0000:00:01.1: legacy IDE quirk: reg 0x18: [io  0x0170-0x0177]
[    2.065693] pci 0000:00:01.1: legacy IDE quirk: reg 0x1c: [io  0x0376]
[    2.102640] ACPI: PCI Interrupt Link [LNKA] (IRQs 5 9 10 11) *0, disabled.
[    2.106034] ACPI: PCI Interrupt Link [LNKB] (IRQs 5 9 10 *11)
[    2.107458] ACPI: PCI Interrupt Link [LNKC] (IRQs 5 9 *10 11)
[    2.109932] ACPI: PCI Interrupt Link [LNKD] (IRQs 5 *9 10 11)
[    2.111432] ACPI: Enabled 2 GPEs in block 00 to 07
[    2.112898] vgaarb: setting as boot device: PCI:0000:00:02.0
[    2.113896] vgaarb: device added: PCI:0000:00:02.0,decodes=io+mem,owns=io+mem,locks=none
[    2.115383] vgaarb: loaded
[    2.116031] vgaarb: bridge control possible 0000:00:02.0
[    2.117221] SCSI subsystem initialized
[    2.118169] ACPI: bus type USB registered
[    2.118966] usbcore: registered new interface driver usbfs
[    2.119963] usbcore: registered new interface driver hub
[    2.120960] usbcore: registered new device driver usb
[    2.122216] PCI: Using ACPI for IRQ routing
[    2.123299] NetLabel: Initializing
[    2.125148] NetLabel:  domain hash size = 128
[    2.125945] NetLabel:  protocols = UNLABELED CIPSOv4
[    2.126828] NetLabel:  unlabeled traffic allowed by default
[    2.133453] amd_nb: Cannot enumerate AMD northbridges
[    2.136215] clocksource: Switched to clocksource kvm-clock
[    2.143891] AppArmor: AppArmor Filesystem Enabled
[    2.150193] pnp: PnP ACPI init
[    2.151514] pnp: PnP ACPI: found 3 devices
[   162468] clocksource: acpi_pm: mask: 0xfff x_cl: ffffmaid_n 25701024 ns
  2.52] T:egted otolfaly
[    3.364352] TCP establiheha tlentes812 (order: 4, 65536 bte
  3.138]CPinha tlentes 892 (order: 5, 131072 bytes)
[    4.425609] TCP: Hash tables configured (established 8192 bind 8192)
[    4.426671] UDP hash table entries: 512 (order: 2, 163 bte)
[    4.520057] UDP-Lite hash table entries: 512 (order: 2, 16384 bytes)
[    4.521211] NET: Registered protocol family 1
[    4.522017] pci 0000:00:00.0: Limiting direct PCI/PCI transfers
[    4.523008] ci 0000:00:01.0: Activating ISA DMA hang workarounds
[   .57517] Unpacking initramfs...

[    6.440433] Freeing initrd memory: 10832K (ffff880036ac8000 - ffff88003755c000)
[    6.455093] platform rtc_cmos: registered platform RTC device (no PNP device found)
[    6.466320] Scanning for low memory corruption every 60 seconds
[    6.471509] audit: initializing netlink subsys (disabled)
[    6.472579] audit: type=2000 audit(1503485293.622:1): initialized
[    6.474183] Initialise system trusted keyring
[    6.884022] HugeTLB registered 2 MB page size, pre-allocated 0 pages
[    7.225357] zbud: loaded
[    7.226165] VFS: Disk quotas dquot_6.6.0
[    7.226901] VFS: Dquot-cache hash table entries: 512 (order 0, 4096 bytes)
[    7.228182] squashfs: version 4.0 (2009/01/31) Phillip Lougher
[    7.229391] fuse init (API version 7.23)
[    7.230208] Key type big_key registered
[    7.230918] Allocating IMA MOK and blacklist keyrings.
[    7.233417] Key type asymmetric registered
[    7.234144] Asymmetric key parser 'x509' registered
[    7.234984] Block layer SCSI generic (bsg) driver version 0.4 loaded (major 249)
[    7.236422] io scheduler noop registered
[    7.237128] io scheduler deadline registered (default)
[    7.237989] io scheduler cfq registered
[    7.245233] pci_hotplug: PCI Hot Plug PCI Core version: 0.5
[    7.250664] pciehp: PCI Express Ho  Plug Controller Driver version: 0.4
[    7.525010] tsc: Refined TSC clocksource calibration: 2403.428 MHz
[    7.526977] clocksource: tsc: mask: 0xffffffffffffffff max_cycles: 0x22a4ddfb358, max_idle_ns: 440795324852 ns
[    7.529158] ACPI: AC Adapter [AC] (on-line)
[    7.530054] input: Power Button as /devices/LNXSYSTM:00/LNXPWRBN:00/input/input0
[    7.531572] ACPI: Power Button [PWRF]
[    7.533637] input: Sleep Button as /devices/LNXSYSTM:00/LNXSLPBN:00/input/input1
[    7.554614] ACPI: Sleep Button [SLPF]
[    7.556043] ACPI: Battery Slot [BAT0] (battery present)
[    7.556942] GHES: HEST is not enabled!
[    7.557726] Serial: 8250/16550 driver, 32 ports, IRQ sharing enabled
[    7.580302] 00:02: ttyS0 at I/O 0x3f8 (irq = 4, base_baud = 11520)) is a 16550A
[    7.917100] Linux agpgart interface v0.103
[    8.005558] loop: module loaded
[    8.084594] scsi host0: ata_piix
[    8.124037] scsi host1: ata_piix
[    8.124728] ata1: PATA max UDMA/33 cmd 0x1f0 ctl 0x3f6 bmdma 0xd000 irq 14
[    8.125752] ata2: PATA max UDMA/33 cmd 0x170 ctl 0x376 bmdma 0xd008 irq 15
[    8.126883] libphy: Fixed MDIO Bus: probed
[    8.223737] tun: Universal TUN/TAP device driver, 1.6
[    8.403772] tun: (C) 1999-2004 Max Krasnyansky <maxk@qualcomm.com>
[    8.424234] PPP generic driver version 2.4.2
[    8.425073] ehci_hcd: USB 2.0 'Enhanced' Host Controller (EHCI) Driver
[    8.426067] ehci-pci: EHCI PCI platform driver
[    8.426839] ehci-platform: EHCI generic platform driver
[    8.427701] ohci_hcd: USB 1.1 'Open' Host Controller (OHCI) Driver
[    8.428647] ohci-pci: OHCI PCI platform driver
[    8.429438] ohci-platform: OHCI generic platform driver
[    8.430290] uhci_hcd: USB Universal Host Controller Interface driver
[    8.431320] i8042: PNP: PS/2 Controller [PNP0303:PS2K,PNP0f03:PS2M] at 0x60,0x64 irq 1,12
[    8.433201] serio: i8042 KBD port at 0x60,0x64 irq 1
[    8.434027] serio: i8042 AUX port at 0x60,0x64 irq 12
[    8.434945] mousedev: PS/2 mouse device common for all mice
[    8.437028] rtc_cmos rtc_cmos: rtc core: registered rtc_cmos as rtc0
[    8.438905] rtc_cmos rtc_cmos: alarms up to one day, 114 bytes nvram
[    8.444112] input: AT Translated Set 2 keyboard as /devices/platform/i8042/serio0/input/input2
[    8.445610] i2c /dev entries driver
[    8.446437] device-mapper: uevent: version 1.0.3
[    8.447429] device-mapper: ioctl: 4.34.0-ioctl (2015-10-28) initialised: dm-devel@redhat.com
[    8.449033] ledtrig-cpu: registered to indicate activity on CPUs
[    8.453996] NET: Registered protocol family 10
[    8.455081] NET: Registered protocol family 17
[    8.455930] Key type dns_resolver registered
[    8.457011] microcode: CPU0 sig=0x406e3, pf=0x40, revision=0x0
[    8.463482] microcode: CPU1 sig=0x406e3, pf=0x40, revision=0x0
[    8.465684] microcode: Microcode Update Driver: v2.01 <tigran@aivazian.fsnet.co.uk>, Peter Oruba
[    8.467800] registered taskstats version 1
[    8.468647] Loading compiled-in X.509 certificates
[    8.470140] Loaded X.509 cert 'Build time autogenerated kernel key: 01a2b0d0dba8d37a863918580fc16590a7d146c8'
[    8.482897] zswap: loaded using pool lzo/zbud
[    8.490850] Key type trusted registered
[    8.497352] Key type encrypted registered
[    8.503691] AppArmor: AppArmor sha1 policy hashing enabled
[    8.504710] ima: No TPM chip found, activating TPM-bypass!
[    8.505656] evm: HMAC attrs: 0x1
[    8.506653]   Magic number: 13:587:831
[    8.507563] rtc_cmos rtc_cmos: setting system clock to 2017-08-23 10:48:12 UTC (1503485292)
[    8.509368] BIOS EDD facility v0.16 2004-Jun-25, 0 devices found
[    8.510364] EDD information not available.
[    8.558192] Freeing unused kernel memory: 1488K (ffffffff81f45000 - ffffffff820b9000)
[    8.564885] Write protecting the kernel read-only data: 14336k
[    8.566371] Freeing unused kernel memory: 1752K (ffff88000184a000 - ffff880001a00000)
[    8.568077] Freeing unused kernel memory: 112K (ffff880001de4000 - ffff880001e00000)
Loading, please wait...
starting version[    8.612457] random: systemd-udevd: uninitialized urandom read (16 bytes read, 3 bits of entropy available)
 229
[    8.613061] random: udevadm: uninitialized urandom read (16 bytes read, 3 bits of entropy available)
[    8.613099] random: udevadm: uninitialized urandom read (16 bytes read, 3 bits of entropy available)
[    8.613208] random: udevadm: uninitialized urandom read (16 bytes read, 3 bits of entropy available)
[    8.613267] random: udevadm: uninitialized urandom read (16 bytes read, 3 bits of entropy available)
[    8.613304] random: udevadm: uninitialized urandom read (16 bytes read, 3 bits of entropy available)
[    8.613340] random: udevadm: uninitialized urandom read (16 bytes read, 3 bits of entropy available)
[    8.613376] random: udevadm: uninitialized urandom read (16 bytes read, 3 bits of entropy available)
[    8.613409] random: udevadm: uninitialized urandom read (16 bytes read, 3 bits of entropy available)
[    8.613442] random: udevadm: uninitialized urandom read (16 bytes read, 3 bits of entropy available)
[    8.661326] e1000: Intel(R) PRO/1000 Network Driver - version 7.3.21-k8-NAPI
[    8.688164] e1000: Copyright (c) 1999-2006 Intel Corporation.
[    8.691302] Fusion MPT base driver 3.04.20
[    8.763872] Copyright (c) 1999-2008 LSI Corporation
[    8.785789] AVX version of gcm_enc/dec engaged.
[    8.792100] AES CTR mode by8 optimization enabled
[    8.798975] Fusion MPT SPI Host driver 3.04.20
[    8.998562] input: ImExPS/2 Generic Explorer Mouse as /devices/platform/i8042/serio1/input/input4
[    9.557973] e1000 0000:00:03.0 eth0: (PCI:33MHz:32-bit) 02:21:85:d0:49:10
[    9.674389] e1000 0000:00:03.0 eth0: Intel(R) PRO/1000 Network Connection
[    9.678028] mptbase: ioc0: Initiating bringup
[    9.919235] ioc0: LSI53C1030 A0: Capabilities={Initiator}
[   10.765704] scsi host2: ioc0: LSI53C1030 A0, FwRev=00000000h, Ports=1, MaxQ=256, IRQ=20
[   11.803308] floppy0: no floppy controllers found
[   12.741787] scsi 2:0:0:0: Direct-Access     VBOX     HARDDISK         1.0  PQ: 0 ANSI: 5
[   12.831508] scsi target2:0:0: Beginning Domain Validation
[   12.879059] scsi target2:0:0: Domain Validation skipping write tests
[   12.948783] scsi target2:0:0: Ending Domain Validation
[   12.984968] scsi target2:0:0: asynchronous
[   12.988416] scsi 2:0:1:0: Direct-Access     VBOX     HARDDISK         1.0  PQ: 0 ANSI: 5
[   12.990991] scsi target2:0:1: Beginning Domain Validation
[   12.992753] scsi target2:0:1: Domain Validation skipping write tests
[   13.028402] scsi target2:0:1: Ending Domain Validation
[   13.029387] scsi target2:0:1: asynchronous
[   13.045110] sd 2:0:0:0: Attached scsi generic sg0 type 0
[   13.067237] sd 2:0:0:0: [sda] 20971520 512-byte logical blocks: (10.7 GB/10.0 GiB)
[   13.071058] sd 2:0:0:0: [sda] Write Protect is off
[   13.086290] sd 2:0:1:0: [sdb] 20480 512-byte logical blocks: (10.5 MB/10.0 MiB)
[   13.087818] sd 2:0:1:0: [sdb] Write Protect is off
[   13.088837] sd 2:0:1:0: [sdb] Incomplete mode parameter data
[   13.089808] sd 2:0:1:0: [sdb] Assuming drive cache: write through
[   13.091199] sd 2:0:1:0: Attached scsi generic sg1 type 0
[   13.124544] sd 2:0:0:0: [sda] Incomplete mode parameter data
[   13.125545] sd 2:0:0:0: [sda] Assuming drive cache: write through
[   13.143262]  sda: sda1
[   13.158401] sd 2:0:0:0: [sda] Attached SCSI disk
[   13.186904] sd 2:0:1:0: [sdb] Attached SCSI disk
[   13.288118] e1000 0000:00:08.0 eth1: (PCI:33MHz:32-bit) 08:00:27:64:c2:c3
[   13.304307] e1000 0000:00:08.0 eth1: Intel(R) PRO/1000 Network Connection
[   13.306255] e1000 0000:00:08.0 enp0s8: renamed from eth1
[   13.320752] e1000 0000:00:03.0 enp0s3: renamed from eth0
Begin: Loading e[   14.697318] md: linear personality registered for level -1
ssential drivers ... [   15.026301] md: multipath personality registered for level -4
[   15.041333] md: raid0 personality registered for level 0
[   15.057056] md: raid1 personality registered for level 1
[   15.287190] raid6: sse2x1   gen()  8112 MB/s
[   15.513323] raid6: sse2x1   xor()  4901 MB/s
[   15.611234] raid6: sse2x2   gen()  9879 MB/s
[   15.713303] raid6: sse2x2   xor()  7073 MB/s
[   15.788637] raid6: sse2x4   gen() 11020 MB/s
[   15.893289] raid6: sse2x4   xor()  8064 MB/s
[   15.923959] raid6: using algorithm sse2x4 gen() 11020 MB/s
[   15.924841] raid6: .... xor() 8064 MB/s, rmw enabled
[   15.925650] raid6: using ssse3x2 recovery algorithm
[   15.928096] xor: automatically using best checksumming function:
[   15.972291]    avx       : 16884.000 MB/sec
[   15.979942] async_tx: api initialized (async)
[   16.001733] md: raid6 personality registered for level 6
[   16.064021] md: raid5 personality registered for level 5
[   16.064934] md: raid4 personality registered for level 4
[   16.071182] md: raid10 personality registered for level 10
done.
Begin: Running /scripts/init-premount ...[   16.152008] Btrfs loaded
 done.
Begin: Mounting root file system ... Begin: Running /scripts/local-top .[   16.295520] EXT4-fs (sda1): mounted filesystem with ordered data mode. Opts: (null)
.. done.
Begin: Running /scripts/local-premount ... Scanning for Btrfs filesystems
done.
Warning: fsck not present, so skipping root file system
done.
Begin: Running /scripts/local-bottom ... done.
Begin: Running /scripts/init-bottom ... done.
[   16.886411] systemd[1]: systemd 229 running in system mode. (+PAM +AUDIT +SELINUX +IMA +APPARMOR +SMACK +SYSVINIT +UTMP +LIBCRYPTSETUP +GCRYPT +GNUTLS +ACL +XZ -LZ4 +SECCOMP +BLKID +ELFUTILS +KMOD -IDN)
[   16.900399] systemd[1]: Detected virtualization oracle.
[   16.902957] systemd[1]: Detected architecture x86-64.

Welcome to [1mUbuntu 16.04.3 LTS[0m!

[   16.966156] systemd[1]: Set hostname to <ubuntu>.
[   17.052073] systemd[1]: Initializing machine ID from random generator.
[   17.213927] systemd[1]: Installed transient /etc/machine-id file.
[   17.510299] random: nonblocking pool is initialized
[   18.021990] systemd[1]: Started Forward Password Requests to Wall Directory Watch.
[[0;32m  OK  [0m] Started Forward Password Requests to Wall Directory Watch.
[   18.065476] systemd[1]: Listening on LVM2 metadata daemon socket.
[[0;32m  OK  [0m] Listening on LVM2 metadata daemon socket.
[   18.067390] systemd[1]: Listening on Syslog Socket.
[[0;32m  OK  [0m] Listening on Syslog Socket.
[   18.069184] systemd[1]: Set up automount Arbitrary Executable File Formats File System Automount Point.
[[0;32m  OK  [0m] Set up automount Arbitrary Executab...ats File System Automount Point.
[   18.077566] systemd[1]: Listening on /dev/initctl Compatibility Named Pipe.
[[0;32m  OK  [0m] Listening on /dev/initctl Compatibility Named Pipe.
[   18.083175] systemd[1]: Reached target Encrypted Volumes.
[[0;32m  OK  [0m] Reached target Encrypted Volumes.
[   18.084991] systemd[1]: Reached target User and Group Name Lookups.
[[0;32m  OK  [0m] Reached target User and Group Name Lookups.
[   18.087007] systemd[1]: Started Trigger resolvconf update for networkd DNS.
[[0;32m  OK  [0m] Started Trigger resolvconf update for networkd DNS.
[   18.089428] systemd[1]: Created slice User and Session Slice.
[[0;32m  OK  [0m] Created slice User and Session Slice.
[   18.092416] systemd[1]: Listening on udev Control Socket.
[[0;32m  OK  [0m] Listening on udev Control Socket.
[   18.094182] systemd[1]: Listening on Journal Socket.
[[0;32m  OK  [0m] Listening on Journal Socket.
[   18.095847] systemd[1]: Listening on LVM2 poll daemon socket.
[[0;32m  OK  [0m] Listening on LVM2 poll daemon socket.
[   18.097626] systemd[1]: Reached target Swap.
[[0;32m  OK  [0m] Reached target Swap.
[   18.099406] systemd[1]: Created slice System Slice.
[[0;32m  OK  [0m] Created slice System Slice.
[   18.116454] systemd[1]: Starting Create list of required static device nodes for the current kernel...
         Starting Create list of required st... nodes for the current kernel...
[   18.176361] systemd[1]: Mounting POSIX Message Queue File System...
         Mounting POSIX Message Queue File System...
[   18.206239] systemd[1]: Starting Remount Root and Kernel File Systems...
[   18.215235] EXT4-fs (sda1): re-mounted. Opts: (null)
         Starting Remount Root and Kernel File Systems...
[   18.237807] systemd[1]: Starting Set console keymap...
         Starting Set console keymap...
[   18.305621] systemd[1]: Mounting Huge Pages File System...
         Mounting Huge Pages File System...
[   18.325193] systemd[1]: Created slice system-serial\x2dgetty.slice.
[[0;32m  OK  [0m] Created slice system-serial\x2dgetty.slice.
[   18.339304] systemd[1]: Starting Load Kernel Modules...
         Starting Load Kernel Modules...
[   18.365651] systemd[1]: Starting Uncomplicated firewall...
[   18.409239] Loading iSCSI transport class v2.0-870.
         Starting Uncomplicated firewall...
[   18.418298] systemd[1]: Starting Nameserver information manager...
         Starting Nameserver information manager...
[   18.467203] systemd[1]: Listening on udev Kernel Socket.
[[0;32m  OK  [0m] Listening on udev Kernel Socket.
[   18.471440] systemd[1]: Mounting Debug File System...
         Mounting Debug File System...
[   18.487800] iscsi: registered transport (tcp)
[   18.487893] systemd[1]: Reached target Slices.
[[0;32m  OK  [0m] Reached target Slices.
[   18.490447] systemd[1]: Listening on Device-mapper event daemon FIFOs.
[[0;32m  OK  [0m] Listening on Device-mapper event daemon FIFOs.
[   18.506130] systemd[1]: Starting Monitoring of LVM2 mirrors, snapshots etc. using dmeventd or progress polling...
         Starting Monitoring of LVM2 mirrors... dmeventd or progress polling...
[   18.516165] systemd[1]: Listening on Journal Audit Socket.
[[0;32m  OK  [0m] Listening on Journal Audit Socket.
[   18.525166] systemd[1]: Listening on Journal Socket (/dev/log).
[[0;32m  OK  [0m] Listening on Journal Socket (/dev/log).
[   18.527675] systemd[1]: Starting Journal Service...
         Starting Journal Service...
[   18.546883] systemd[1]: Mounted Debug File System.
[[0;32m  OK  [0m] Mounted Debug File System.
[   18.566713] systemd[1]: Mounted POSIX Message Queue File System.
[[0;32m  OK  [0m] Mounted POSIX Message Queue File System.
[   18.585424] systemd[1]: Mounted Huge Pages File System.
[[0;32m  OK  [0m] Mounted Huge Pages File System.
[   18.587750] systemd[1]: Started Create list of required static device nodes for the current kernel.
[[0;32m  OK  [0m] Started Create list of required sta...ce nodes for the current kernel.
[   18.614080] systemd[1]: Started Remount Root and Kernel File Systems.
[[0;32m  OK  [0m] Started Remount Root and Kernel File Systems.
[   18.627339] systemd[1]: Started Set console keymap.
[[0;32m  OK  [0m] Started Set console keymap.
[   18.629525] systemd[1]: Started Uncomplicated firewall.
[[0;32m  OK  [0m] Started Uncomplicated firewall.
[   18.642657] iscsi: registered transport (iser)
[   18.659513] systemd[1]: Starting Load/Save Random Seed...
         Starting Load/Save Random Seed...
[   18.673097] systemd[1]: Starting Initial cloud-init job (pre-networking)...
         Starting Initial cloud-init job (pre-networking)...
[   18.820573] systemd[1]: Starting udev Coldplug all Devices...
         Starting udev Coldplug all Devices...
[   18.952730] systemd[1]: Starting Create Static Device Nodes in /dev...
         Starting Create Static Device Nodes in /dev...
[   18.965629] systemd[1]: Started Journal Service.
[[0;32m  OK  [0m] Started Journal Service.
[[0;32m  OK  [0m] Started Load Kernel Modules.
[[0;32m  OK  [0m] Started Nameserver information manager.
[[0;32m  OK  [0m] Started Load/Save Random Seed.
[[0;32m  OK  [0m] Started udev Coldplug all Devices.
[[0;32m  OK  [0m] Started LVM2 metadata daemon.
         Starting Apply Kernel Variables...
         Mounting FUSE Control File System...
         Starting Flush Journal to Persistent Storage...
[[0;32m  OK  [0m] Mounted FUSE Control File System.
[   19.295960] systemd-journald[408]: Received request to flush runtime journal from PID 1
[[0;32m  OK  [0m] Started Flush Journal to Persistent Storage.
[[0;32m  OK  [0m] Started Apply Kernel Variables.
[[0;32m  OK  [0m] Started Create Static Device Nodes in /dev.
[[0;32m  OK  [0m] Started Monitoring of LVM2 mirrors,...ng dmeventd or progress polling.
         Starting udev Kernel Device Manager...
[[0;32m  OK  [0m] Started udev Kernel Device Manager.
[[0;32m  OK  [0m] Reached target Local File Systems (Pre).
[[0;32m  OK  [0m] Reached target Local File Systems.
         Starting Commit a transient machine-id on disk...
         Starting LSB: AppArmor initialization...
         Starting Create Volatile Files and Directories...
         Starting Tell Plymouth To Write Out Runtime Data...
         Starting Set console font and keymap...
[[0;32m  OK  [0m] Started Dispatch Password Requests to Console Directory Watch.
[[0;32m  OK  [0m] Started Create Volatile Files and Directories.
         Starting Update UTMP about System Boot/Shutdown...
[[0;32m  OK  [0m] Reached target System Time Synchronized.
[[0;32m  OK  [0m] Started Commit a transient machine-id on disk.
[[0;32m  OK  [0m] Started Tell Plymouth To Write Out Runtime Data.
[[0;32m  OK  [0m] Started Update UTMP about System Boot/Shutdown.
[[0;32m  OK  [0m] Found device /dev/ttyS0.
[[0;32m  OK  [0m] Started Set console font and keymap.
[[0;32m  OK  [0m] Created slice system-getty.slice.
[[0;32m  OK  [0m] Listening on Load/Save RF Kill Switch Status /dev/rfkill Watch.
[[0;32m  OK  [0m] Started LSB: AppArmor initialization.
[   22.086792] cloud-init[426]: Cloud-init v. 0.7.9 running 'init-local' at Wed, 23 Aug 2017 10:48:27 +0000. Up 21.63 seconds.
[[0;32m  OK  [0m] Started Initial cloud-init job (pre-networking).
[[0;32m  OK  [0m] Reached target Network (Pre).
         Starting Raise network interfaces...
[[0;32m  OK  [0m] Started Raise network interfaces.
[[0;32m  OK  [0m] Reached target Network.
         Starting Initial cloud-init job (metadata service crawler)...
[   24.316856] cloud-init[951]: Cloud-init v. 0.7.9 running 'init' at Wed, 23 Aug 2017 10:48:28 +0000. Up 22.81 seconds.
[   24.344990] cloud-init[951]: ci-info: ++++++++++++++++++++++++++++++++++++++Net device info++++++++++++++++++++++++++++++++++++++
[   24.346592] cloud-init[951]: ci-info: +--------+-------+----------------------------+---------------+-------+-------------------+
[   24.350449] cloud-init[951]: ci-info: | Device |   Up  |          Address           |      Mask     | Scope |     Hw-Address    |
[   24.357528] cloud-init[951]: ci-info: +--------+-------+----------------------------+---------------+-------+-------------------+
[   24.368154] cloud-init[951]: ci-info: |   lo   |  True |         127.0.0.1          |   255.0.0.0   |   .   |         .         |
[   24.368399] cloud-init[951]: ci-info: |   lo   |  True |          ::1/128           |       .       |  host |         .         |
[   24.368519] cloud-init[951]: ci-info: | enp0s3 |  True |         10.0.2.15          | 255.255.255.0 |   .   | 02:21:85:d0:49:10 |
[   24.368655] cloud-init[951]: ci-info: | enp0s3 |  True | fe80::21:85ff:fed0:4910/64 |       .       |  link | 02:21:85:d0:49:10 |
[   24.368789] cloud-init[951]: ci-info: | enp0s8 | False |             .              |       .       |   .   | 08:00:27:64:c2:c3 |
[   24.368925] cloud-init[951]: ci-info: +--------+-------+----------------------------+---------------+-------+-------------------+
[   24.369060] cloud-init[951]: ci-info: +++++++++++++++++++++++++++Route IPv4 info++++++++++++++++++++++++++++
[   24.369199] cloud-init[951]: ci-info: +-------+-------------+----------+---------------+-----------+-------+
[   24.369337] cloud-init[951]: ci-info: | Route | Destination | Gateway  |    Genmask    | Interface | Flags |
[   24.369475] cloud-init[951]: ci-info: +-------+-------------+----------+---------------+-----------+-------+
[   24.369611] cloud-init[951]: ci-info: |   0   |   0.0.0.0   | 10.0.2.2 |    0.0.0.0    |   enp0s3  |   UG  |
[   24.369748] cloud-init[951]: ci-info: |   1   |   10.0.2.0  | 0.0.0.0  | 255.255.255.0 |   enp0s3  |   U   |
[   24.369886] cloud-init[951]: ci-info: +-------+-------------+----------+---------------+-----------+-------+
[   24.370026] cloud-init[951]: Generating public/private rsa key pair.
[   24.370164] cloud-init[951]: Your identification has been saved in /etc/ssh/ssh_host_rsa_key.
[   24.370305] cloud-init[951]: Your public key has been saved in /etc/ssh/ssh_host_rsa_key.pub.
[   24.370445] cloud-init[951]: The key fingerprint is:
[   24.370583] cloud-init[951]: SHA256:SFAJtlNLtDEcffaCuymGL4N3eTpN5HoZbtWwWmD+Sl0 root@ubuntu-xenial
[   24.370723] cloud-init[951]: The key's randomart image is:
[   24.370864] cloud-init[951]: +---[RSA 2048]----+
[   24.371074] cloud-init[951]: |    +=O+         |
[[0;32m  OK  [0m] Started Initial cloud-init job (metadata service crawler).
[   24.371176] cloud-init[951]: |   . =o=. o      |
[   24.409075] cloud-init[951]: |    o +  + .     |
[   24.409928] cloud-init[951]: |     o .= o .    |
[   24.410757] cloud-init[951]: |      .=So =E    |
[   24.411631] cloud-init[951]: |        *.+..    |
[   24.412457] cloud-init[951]: |   . . *.X.      |
[   24.413290] cloud-init[951]: |  . = B.@ .      |
[   24.413575] cloud-init[951]: |   . *oB..       |
[   24.413702] cloud-init[951]: +----[SHA256]-----+
[   24.413819] cloud-init[951]: Generating public/private dsa key pair.
[   24.413940] cloud-init[951]: Your identification has been saved in /etc/ssh/ssh_host_dsa_key.
[   24.414063] cloud-init[951]: Your public key has been saved in /etc/ssh/ssh_host_dsa_key.pub.
[   24.414183] cloud-init[951]: The key fingerprint is:
[   24.414305] cloud-init[951]: SHA256:+BBf4yBpZKiK0ACXDde3ejPwrhtR0obHU9i5pnXfWPE root@ubuntu-xenial
[   24.414429] cloud-init[951]: The key's randomart image is:
[   24.414548] cloud-init[951]: +---[DSA 1024]----+
[   24.414673] cloud-init[951]: |o o+.oo  o..     |
[   24.414795] cloud-init[951]: |....oo.=o.o    . |
[   24.414943] cloud-init[951]: | o .  B.O.o.    o|
[[0;32m  OK  [0m] Reached target System Initialization.
[   24.415054] cloud-init[951]: |. o  ..X.=+..   E|
[   24.422126] cloud-init[951]: |o.    ++S+.. . + |
[   24.422239] cloud-init[951]: |o     .+*     o .|
[[0;32m  OK  [0m] Listening on D-Bus System Message Bus Socket.
[   24.422359] cloud-init[951]: |      .o.o       |
[   24.425682] cloud-init[951]: |       ..        |
[   24.425912] cloud-init[951]: |      oo         |
[   24.426033] cloud-init[951]: +----[SHA256]-----+
[   24.426151] cloud-init[951]: Generating public/private ecdsa key pair.
[   24.426274] cloud-init[951]: Your identification has been saved in /etc/ssh/ssh_host_ecdsa_key.
[   24.426402] cloud-init[951]: Your public key has been saved in /etc/ssh/ssh_host_ecdsa_key.pub.
[   24.426520] cloud-init[951]: The key fingerprint is:
[   24.426641] cloud-init[951]: SHA256:iq1JtQofIoQWw8hU5Rg+pkIRgan2p1UT4iyQXi/QN5M root@ubuntu-xenial
[   24.426762] cloud-init[951]: The key's randomart image is:
[   24.426885] cloud-init[951]: +---[ECDSA 256]---+
[   24.427039] cloud-init[951]: |.**o...          |
[[0;32m  OK  [0m] Started Timer to automatically refresh installed snaps.
[   24.427157] cloud-init[951]: |B+oo+E .         |
         Starting Socket activation for snappy daemon.
[[   24.484248] cloud-init[951]: |+*+==.+ .        |
[   24.488423] cloud-init[951]: |+o=o.+ o         |
[   24.488621] cloud-init[951]: |++. o o S        |
[0;32m  OK  [0m] Listening on ACPID Listen Socket.
[   24.488803] cloud-init[951]: |+  . * o         |
[   24.497463] cloud-init[951]: |. o B +          |
[   24.498829] cloud-init[951]: | . * =           |
[   24.500280] cloud-init[951]: |    =            |
[   24.501616] cloud-init[951]: +----[SHA256]-----+
[   24.502954] cloud-init[951]: Generating public/private ed25519 key pair.
[   24.504667] cloud-init[951]: Your identification has been saved in /etc/ssh/ssh_host_ed25519_key.
         Starting LXD - unix socket.
[[0;32m  OK  [0m] Started Daily Cleanup of Temporary Directories.
[[0;32m  OK  [0m] Listening on UUID daemon activation socket.
[   24.512304] cloud-init[951]: Your public key has been saved in /etc/ssh/ssh_host_ed25519_key.pub.
[   24.518190] cloud-init[951]: The key fingerprint is:
[   24.519642] cloud-init[951]: SHA256:OG5cSlnRPdN6soxNfy+2X/akwfITFiSiExSOz7ymUSA root@ubuntu-xenial
[   24.521714] cloud-init[951]: The key's randomart image is:
[   24.536445] cloud-init[951]: +--[ED25519 256]--+
[   24.560506] cloud-init[951]: |       .+o . .   |
[   24.561234] cloud-init[951]: |       o..o = o  |
[[0;32m  OK  [0m] Started ACPI Events Check.
[   24.561541] cloud-init[951]: |    E o oo . *   |
[   24.568813] cloud-init[951]: |     . Oo   + o  |
[   24.569206] cloud-init[951]: |      = S. = = . |
[   24.569668] cloud-init[951]: |     + = .. +.+ .|
[   24.570139] cloud-init[951]: |      * o   ..oo=|
[   24.570608] cloud-init[951]: |     . +     o+=+|
[[0;32m  OK  [0m] Reached target Paths.
[[   24.571217] cloud-init[951]: |      .      .+=o|
[   24.594773] cloud-init[951]: +----[SHA256]-----+
[0;32m  OK  [0m] Reached target Cloud-config availability.
[[0;32m  OK  [0m] Reached target Network is Online.
[[0;32m  OK  [0m] Started Daily apt download activities.
[[0;32m  OK  [0m] Started Daily apt upgrade and clean activities.
[[0;32m  OK  [0m] Reached target Timers.
         Starting iSCSI initiator daemon (iscsid)...
[[0;32m  OK  [0m] Listening on Socket activation for snappy daemon.
[[0;32m  OK  [0m] Listening on LXD - unix socket.
[[0;32m  OK  [0m] Reached target Sockets.
[[0;32m  OK  [0m] Reached target Basic System.
[[0;32m  OK  [0m] Started Regular background program processing daemon.
         Starting LSB: Record successful boot for GRUB...
         Starting Apply the settings specified in cloud-config...
         Starting Accounts Service...
         Starting /etc/rc.local Compatibility...
[[0;32m  OK  [0m] Started Unattended Upgrades Shutdown.
[[0;32m  OK  [0m] Started Deferred execution scheduler.
         Starting Pollinate to seed the pseudo random number generator...
         Starting LSB: MD monitoring daemon...
[[0;32m  OK  [0m] Started FUSE filesystem for LXC.
[[0;32m  OK  [0m] Started D-Bus System Message Bus.
[[0;32m  OK  [0m] Started ACPI event daemon.
         Starting Login Service...
         Starting LXD - container startup/shutdown...
         Starting System Logging Service...
[[0;32m  OK  [0m] Started Snappy daemon.
         Starting Auto import assertions from block devices...
[[0;32m  OK  [0m] Started iSCSI initiator daemon (iscsid).
[[0;32m  OK  [0m] Started /etc/rc.local Compatibility.
[[0;32m  OK  [0m] Started Auto import assertions from block devices.
         Starting Login to default iSCSI targets...
[   25.716820] cloud-init[1054]: Generating locales (this might take a while)...
[[0;32m  OK  [0m] Started Login to default iSCSI targets.
[[0;32m  OK  [0m] Reached target Remote File Systems (Pre).
[[0;32m  OK  [0m] Reached target Remote File Systems.
         Starting Permit User Sessions...
         Starting LSB: VirtualBox Linux Additions...
         Starting LSB: daemon to balance interrupts for SMP systems...
         Starting LSB: automatic crash report generation...
         Starting LSB: Set the CPU Frequency Scaling governor to "ondemand"...
[[0;32m  OK  [0m] Started Login Service.
[[0;32m  OK  [0m] Started LSB: Set the CPU Frequency Scaling governor to "ondemand".
         Starting Authenticate and Authorize Users to Run Privileged Tasks...
[[0;32m  OK  [0m] Started Permit User Sessions.
[[0;32m  OK  [0m] Started LSB: Record successful boot for GRUB.
         Starting Hold until boot process finishes up...
         Starting Terminate Plymouth Boot Screen...
[[0;32m  OK  [0m] Started Hold until boot process finishes up.
[[0;32m  OK  [0m] Started Terminate Plymouth Boot Screen.
[[0;32m  OK  [0m] Started Serial Getty on ttyS0.
         Starting Set console scheme...
[[0;32m  OK  [0m] Started Getty on tty1.
[[0;32m  OK  [0m] Reached target Login Prompts.
[[0;32m  OK  [0m] Started LSB: MD monitoring daemon.
[[0;32m  OK  [0m] Started LSB: daemon to balance interrupts for SMP systems.
[[0;32m  OK  [0m] Started Set console scheme.
[[0;32m  OK  [0m] Started LSB: automatic crash report generation.
[[0;32m  OK  [0m] Started System Logging Service.
[[0;32m  OK  [0m] Started Authenticate and Authorize Users to Run Privileged Tasks.
[[0;32m  OK  [0m] Started Accounts Service.
[[0;32m  OK  [0m] Started LSB: VirtualBox Linux Additions.
[   28.551068] cloud-init[1054]:   en_US.UTF-8... done
[   28.555581] cloud-init[1054]: Generation complete.
[[0;32m  OK  [0m] Started LXD - container startup/shutdown.
[[0;32m  OK  [0m] Stopped OpenBSD Secure Shell server.
         Starting OpenBSD Secure Shell server...
[[0;32m  OK  [0m] Started OpenBSD Secure Shell server.
[[0;32m  OK  [0m] Started Pollinate to seed the pseudo random number generator.
[[0;32m  OK  [0m] Created slice User Slice of ubuntu.
         Starting User Manager for UID 1000...
[[0;32m  OK  [0m] Reached target Multi-User System.
[[0;32m  OK  [0m] Reached target Graphical Interface.
         Starting Update UTMP about System Runlevel Changes...
[[0;32m  OK  [0m] Started User Manager for UID 1000.
[[0;32m  OK  [0m] Started Update UTMP about System Runlevel Changes.
[[0;32m  OK  [0m] Started Session 1 of user ubuntu.
[   31.031389] cloud-init[1054]: Cloud-init v. 0.7.9 running 'modules:config' at Wed, 23 Aug 2017 10:48:31 +0000. Up 25.22 seconds.
[[0;32m  OK  [0m] Started Apply the settings specified in cloud-config.
         Starting Execute cloud user/final scripts...
ci-info: no authorized ssh keys fingerprints found for user ubuntu.
<14>Aug 23 10:48:37 ec2: 
<14>Aug 23 10:48:37 ec2: #############################################################
<14>Aug 23 10:48:37 ec2: -----BEGIN SSH HOST KEY FINGERPRINTS-----
<14>Aug 23 10:48:37 ec2: 1024 SHA256:+BBf4yBpZKiK0ACXDde3ejPwrhtR0obHU9i5pnXfWPE root@ubuntu-xenial (DSA)
<14>Aug 23 10:48:37 ec2: 256 SHA256:iq1JtQofIoQWw8hU5Rg+pkIRgan2p1UT4iyQXi/QN5M root@ubuntu-xenial (ECDSA)
<14>Aug 23 10:48:37 ec2: 256 SHA256:OG5cSlnRPdN6soxNfy+2X/akwfITFiSiExSOz7ymUSA root@ubuntu-xenial (ED25519)
<14>Aug 23 10:48:37 ec2: 2048 SHA256:SFAJtlNLtDEcffaCuymGL4N3eTpN5HoZbtWwWmD+Sl0 root@ubuntu-xenial (RSA)
<14>Aug 23 10:48:37 ec2: -----END SSH HOST KEY FINGERPRINTS-----
<14>Aug 23 10:48:37 ec2: #############################################################
-----BEGIN SSH HOST KEY KEYS-----
ecdsa-sha2-nistp256 AAAAE2VjZHNhLXNoYTItbmlzdHAyNTYAAAAIbmlzdHAyNTYAAABBBLHM5tRhrngU7sLP4vuhjuDiTyJc0HDmNjoAWO9BjyW/Qx/l0CtIe0JwD5qMPXRqnMS/bhTYaVcFxEvTpdBPH+o= root@ubuntu-xenial
ssh-ed25519 AAAAC3NzaC1lZDI1NTE5AAAAIBSZTYEcWgvcoaeMsyqNOz8aeC2481W6zE/3ANUonm4M root@ubuntu-xenial
ssh-rsa AAAAB3NzaC1yc2EAAAADAQABAAABAQDlMeZTdJl80FUQt2ZkBoETejthjhs7kL0NzPPqM3PRtLSmxIqXnRzBkO6aTDztvKoDEvpDiV9oIBv06iDWMRPZ11uh0Q0t2NOYX5Xi52pt/nBZIR3SSOObazgO6KZWzT1yn17v/rk4OkmvhVqtfyNasY95zEXDHrOokzaNVtaOfUxCz6MywftHFWuO2IwfGXV5mlyo1ZQwFkJbD5Di9lg7p7n2/C57mTga1u4kppacJ+U0jvMOkKahNErF6csyHjDY1B46/mjtlC8SWi3vxnAogcfYOhOonZc3zblFmVBLQFlcZsKfBw94mYT4p/XRVGrykU2dd6Aci1TaCLmlOduv root@ubuntu-xenial
-----END SSH HOST KEY KEYS-----
[   31.881163] cloud-init[1375]: Cloud-init v. 0.7.9 running 'modules:final' at Wed, 23 Aug 2017 10:48:37 +0000. Up 31.47 seconds.
[   31.881360] cloud-init[1375]: ci-info: no authorized ssh keys fingerprints found for user ubuntu.
[   31.881459] cloud-init[1375]: Cloud-init v. 0.7.9 finished at Wed, 23 Aug 2017 10:48:37 +0000. Datasource DataSourceNoCloud [seed=/dev/sdb][dsmode=net].  Up 31.86 seconds

Ubuntu 16.04.3 LTS ubuntu-xenial ttyS0

ubuntu-xenial login: 